{"/home/wollac/dev/web/BITCORN-Hub/_bot/app.js":{"path":"/home/wollac/dev/web/BITCORN-Hub/_bot/app.js","statementMap":{"0":{"start":{"line":3,"column":0},"end":{"line":36,"column":1}},"1":{"start":{"line":5,"column":1},"end":{"line":35,"column":6}},"2":{"start":{"line":7,"column":14},"end":{"line":7,"column":34}},"3":{"start":{"line":8,"column":20},"end":{"line":8,"column":46}},"4":{"start":{"line":9,"column":26},"end":{"line":9,"column":59}},"5":{"start":{"line":10,"column":20},"end":{"line":10,"column":47}},"6":{"start":{"line":11,"column":22},"end":{"line":11,"column":51}},"7":{"start":{"line":13,"column":2},"end":{"line":13,"column":23}},"8":{"start":{"line":15,"column":2},"end":{"line":15,"column":46}},"9":{"start":{"line":16,"column":2},"end":{"line":16,"column":52}},"10":{"start":{"line":18,"column":2},"end":{"line":18,"column":55}},"11":{"start":{"line":19,"column":2},"end":{"line":19,"column":26}},"12":{"start":{"line":21,"column":17},"end":{"line":21,"column":42}},"13":{"start":{"line":23,"column":2},"end":{"line":23,"column":44}},"14":{"start":{"line":24,"column":2},"end":{"line":24,"column":43}},"15":{"start":{"line":26,"column":2},"end":{"line":26,"column":22}},"16":{"start":{"line":28,"column":2},"end":{"line":28,"column":25}},"17":{"start":{"line":29,"column":18},"end":{"line":29,"column":40}},"18":{"start":{"line":30,"column":2},"end":{"line":30,"column":23}},"19":{"start":{"line":32,"column":21},"end":{"line":32,"column":43}},"20":{"start":{"line":33,"column":2},"end":{"line":33,"column":26}}},"fnMap":{"0":{"name":"(anonymous_0)","decl":{"start":{"line":5,"column":2},"end":{"line":5,"column":3}},"loc":{"start":{"line":5,"column":14},"end":{"line":35,"column":2}},"line":5}},"branchMap":{"0":{"loc":{"start":{"line":3,"column":0},"end":{"line":36,"column":1}},"type":"if","locations":[{"start":{"line":3,"column":0},"end":{"line":36,"column":1}},{"start":{"line":3,"column":0},"end":{"line":36,"column":1}}],"line":3}},"s":{"0":0,"1":0,"2":0,"3":0,"4":0,"5":0,"6":0,"7":0,"8":0,"9":0,"10":0,"11":0,"12":0,"13":0,"14":0,"15":0,"16":0,"17":0,"18":0,"19":0,"20":0},"f":{"0":0},"b":{"0":[0,0]},"all":true},"/home/wollac/dev/web/BITCORN-Hub/_bot/prod.js":{"path":"/home/wollac/dev/web/BITCORN-Hub/_bot/prod.js","statementMap":{"0":{"start":{"line":1,"column":0},"end":{"line":1,"column":27}},"1":{"start":{"line":3,"column":22},"end":{"line":3,"column":77}},"2":{"start":{"line":5,"column":0},"end":{"line":5,"column":35}}},"fnMap":{},"branchMap":{"0":{"loc":{"start":{"line":3,"column":23},"end":{"line":3,"column":59}},"type":"binary-expr","locations":[{"start":{"line":3,"column":23},"end":{"line":3,"column":43}},{"start":{"line":3,"column":47},"end":{"line":3,"column":59}}],"line":3}},"s":{"0":0,"1":0,"2":0},"f":{},"b":{"0":[0,0]},"all":true},"/home/wollac/dev/web/BITCORN-Hub/_bot/src/activity-tracker.js":{"path":"/home/wollac/dev/web/BITCORN-Hub/_bot/src/activity-tracker.js","statementMap":{"0":{"start":{"line":7,"column":17},"end":{"line":7,"column":45}},"1":{"start":{"line":8,"column":23},"end":{"line":8,"column":61}},"2":{"start":{"line":9,"column":21},"end":{"line":9,"column":53}},"3":{"start":{"line":11,"column":28},"end":{"line":11,"column":62}},"4":{"start":{"line":12,"column":41},"end":{"line":12,"column":66}},"5":{"start":{"line":13,"column":21},"end":{"line":13,"column":23}},"6":{"start":{"line":16,"column":18},"end":{"line":16,"column":45}},"7":{"start":{"line":18,"column":4},"end":{"line":18,"column":76}},"8":{"start":{"line":21,"column":24},"end":{"line":21,"column":80}},"9":{"start":{"line":26,"column":4},"end":{"line":26,"column":76}},"10":{"start":{"line":26,"column":69},"end":{"line":26,"column":76}},"11":{"start":{"line":28,"column":4},"end":{"line":30,"column":5}},"12":{"start":{"line":29,"column":8},"end":{"line":29,"column":36}},"13":{"start":{"line":32,"column":4},"end":{"line":32,"column":67}},"14":{"start":{"line":32,"column":64},"end":{"line":32,"column":65}},"15":{"start":{"line":34,"column":20},"end":{"line":34,"column":135}},"16":{"start":{"line":34,"column":55},"end":{"line":34,"column":56}},"17":{"start":{"line":34,"column":73},"end":{"line":34,"column":133}},"18":{"start":{"line":36,"column":16},"end":{"line":36,"column":51}},"19":{"start":{"line":36,"column":36},"end":{"line":36,"column":47}},"20":{"start":{"line":38,"column":4},"end":{"line":41,"column":5}},"21":{"start":{"line":39,"column":8},"end":{"line":39,"column":77}},"22":{"start":{"line":40,"column":8},"end":{"line":40,"column":42}},"23":{"start":{"line":43,"column":20},"end":{"line":43,"column":68}},"24":{"start":{"line":45,"column":4},"end":{"line":45,"column":25}},"25":{"start":{"line":47,"column":4},"end":{"line":47,"column":23}},"26":{"start":{"line":49,"column":4},"end":{"line":49,"column":44}},"27":{"start":{"line":51,"column":4},"end":{"line":51,"column":69}},"28":{"start":{"line":53,"column":4},"end":{"line":53,"column":46}},"29":{"start":{"line":58,"column":4},"end":{"line":58,"column":56}},"30":{"start":{"line":58,"column":46},"end":{"line":58,"column":56}},"31":{"start":{"line":60,"column":26},"end":{"line":60,"column":28}},"32":{"start":{"line":61,"column":4},"end":{"line":61,"column":69}},"33":{"start":{"line":62,"column":4},"end":{"line":62,"column":49}},"34":{"start":{"line":68,"column":4},"end":{"line":68,"column":100}},"35":{"start":{"line":68,"column":50},"end":{"line":68,"column":51}},"36":{"start":{"line":68,"column":63},"end":{"line":68,"column":97}},"37":{"start":{"line":70,"column":4},"end":{"line":70,"column":27}},"38":{"start":{"line":74,"column":1},"end":{"line":74,"column":46}},"39":{"start":{"line":75,"column":1},"end":{"line":75,"column":24}},"40":{"start":{"line":78,"column":0},"end":{"line":82,"column":2}}},"fnMap":{"0":{"name":"onChatMessage","decl":{"start":{"line":15,"column":9},"end":{"line":15,"column":22}},"loc":{"start":{"line":15,"column":48},"end":{"line":19,"column":1}},"line":15},"1":{"name":"addToActiveChatters","decl":{"start":{"line":25,"column":9},"end":{"line":25,"column":28}},"loc":{"start":{"line":25,"column":51},"end":{"line":54,"column":1}},"line":25},"2":{"name":"(anonymous_2)","decl":{"start":{"line":32,"column":59},"end":{"line":32,"column":60}},"loc":{"start":{"line":32,"column":64},"end":{"line":32,"column":65}},"line":32},"3":{"name":"(anonymous_3)","decl":{"start":{"line":34,"column":50},"end":{"line":34,"column":51}},"loc":{"start":{"line":34,"column":55},"end":{"line":34,"column":56}},"line":34},"4":{"name":"(anonymous_4)","decl":{"start":{"line":34,"column":62},"end":{"line":34,"column":63}},"loc":{"start":{"line":34,"column":73},"end":{"line":34,"column":133}},"line":34},"5":{"name":"(anonymous_5)","decl":{"start":{"line":36,"column":31},"end":{"line":36,"column":32}},"loc":{"start":{"line":36,"column":36},"end":{"line":36,"column":47}},"line":36},"6":{"name":"getChatterActivity","decl":{"start":{"line":56,"column":9},"end":{"line":56,"column":27}},"loc":{"start":{"line":56,"column":36},"end":{"line":71,"column":1}},"line":56},"7":{"name":"(anonymous_7)","decl":{"start":{"line":68,"column":45},"end":{"line":68,"column":46}},"loc":{"start":{"line":68,"column":50},"end":{"line":68,"column":51}},"line":68},"8":{"name":"(anonymous_8)","decl":{"start":{"line":68,"column":57},"end":{"line":68,"column":58}},"loc":{"start":{"line":68,"column":63},"end":{"line":68,"column":97}},"line":68},"9":{"name":"init","decl":{"start":{"line":73,"column":9},"end":{"line":73,"column":13}},"loc":{"start":{"line":73,"column":16},"end":{"line":76,"column":1}},"line":73}},"branchMap":{"0":{"loc":{"start":{"line":26,"column":4},"end":{"line":26,"column":76}},"type":"if","locations":[{"start":{"line":26,"column":4},"end":{"line":26,"column":76}},{"start":{"line":26,"column":4},"end":{"line":26,"column":76}}],"line":26},"1":{"loc":{"start":{"line":28,"column":4},"end":{"line":30,"column":5}},"type":"if","locations":[{"start":{"line":28,"column":4},"end":{"line":30,"column":5}},{"start":{"line":28,"column":4},"end":{"line":30,"column":5}}],"line":28},"2":{"loc":{"start":{"line":38,"column":4},"end":{"line":41,"column":5}},"type":"if","locations":[{"start":{"line":38,"column":4},"end":{"line":41,"column":5}},{"start":{"line":38,"column":4},"end":{"line":41,"column":5}}],"line":38},"3":{"loc":{"start":{"line":58,"column":4},"end":{"line":58,"column":56}},"type":"if","locations":[{"start":{"line":58,"column":4},"end":{"line":58,"column":56}},{"start":{"line":58,"column":4},"end":{"line":58,"column":56}}],"line":58}},"s":{"0":0,"1":0,"2":0,"3":0,"4":0,"5":0,"6":0,"7":0,"8":0,"9":0,"10":0,"11":0,"12":0,"13":0,"14":0,"15":0,"16":0,"17":0,"18":0,"19":0,"20":0,"21":0,"22":0,"23":0,"24":0,"25":0,"26":0,"27":0,"28":0,"29":0,"30":0,"31":0,"32":0,"33":0,"34":0,"35":0,"36":0,"37":0,"38":0,"39":0,"40":0},"f":{"0":0,"1":0,"2":0,"3":0,"4":0,"5":0,"6":0,"7":0,"8":0,"9":0},"b":{"0":[0,0],"1":[0,0],"2":[0,0],"3":[0,0]},"all":true},"/home/wollac/dev/web/BITCORN-Hub/_bot/src/api-interface/api-request.js":{"path":"/home/wollac/dev/web/BITCORN-Hub/_bot/src/api-interface/api-request.js","statementMap":{"0":{"start":{"line":8,"column":14},"end":{"line":8,"column":35}},"1":{"start":{"line":11,"column":1},"end":{"line":11,"column":26}},"2":{"start":{"line":12,"column":1},"end":{"line":12,"column":21}},"3":{"start":{"line":13,"column":1},"end":{"line":13,"column":23}},"4":{"start":{"line":16,"column":15},"end":{"line":16,"column":27}},"5":{"start":{"line":19,"column":11},"end":{"line":19,"column":21}},"6":{"start":{"line":20,"column":17},"end":{"line":20,"column":47}},"7":{"start":{"line":21,"column":20},"end":{"line":21,"column":22}},"8":{"start":{"line":23,"column":1},"end":{"line":28,"column":2}},"9":{"start":{"line":24,"column":17},"end":{"line":24,"column":53}},"10":{"start":{"line":25,"column":2},"end":{"line":25,"column":44}},"11":{"start":{"line":26,"column":2},"end":{"line":26,"column":40}},"12":{"start":{"line":27,"column":2},"end":{"line":27,"column":67}},"13":{"start":{"line":29,"column":1},"end":{"line":29,"column":46}},"14":{"start":{"line":34,"column":17},"end":{"line":45,"column":2}},"15":{"start":{"line":47,"column":1},"end":{"line":49,"column":17}},"16":{"start":{"line":48,"column":15},"end":{"line":48,"column":25}},"17":{"start":{"line":49,"column":14},"end":{"line":49,"column":15}},"18":{"start":{"line":54,"column":17},"end":{"line":57,"column":2}},"19":{"start":{"line":59,"column":1},"end":{"line":62,"column":2}},"20":{"start":{"line":60,"column":2},"end":{"line":60,"column":30}},"21":{"start":{"line":61,"column":2},"end":{"line":61,"column":24}},"22":{"start":{"line":64,"column":1},"end":{"line":64,"column":16}},"23":{"start":{"line":68,"column":1},"end":{"line":75,"column":18}},"24":{"start":{"line":73,"column":2},"end":{"line":73,"column":37}},"25":{"start":{"line":73,"column":26},"end":{"line":73,"column":37}},"26":{"start":{"line":74,"column":2},"end":{"line":74,"column":20}},"27":{"start":{"line":75,"column":15},"end":{"line":75,"column":16}},"28":{"start":{"line":79,"column":1},"end":{"line":79,"column":48}},"29":{"start":{"line":83,"column":1},"end":{"line":83,"column":52}},"30":{"start":{"line":86,"column":0},"end":{"line":90,"column":2}}},"fnMap":{"0":{"name":"Cached","decl":{"start":{"line":10,"column":9},"end":{"line":10,"column":15}},"loc":{"start":{"line":10,"column":18},"end":{"line":14,"column":1}},"line":10},"1":{"name":"getCachedToken","decl":{"start":{"line":18,"column":15},"end":{"line":18,"column":29}},"loc":{"start":{"line":18,"column":50},"end":{"line":30,"column":1}},"line":18},"2":{"name":"fetchToken","decl":{"start":{"line":32,"column":15},"end":{"line":32,"column":25}},"loc":{"start":{"line":32,"column":46},"end":{"line":50,"column":1}},"line":32},"3":{"name":"(anonymous_3)","decl":{"start":{"line":48,"column":8},"end":{"line":48,"column":9}},"loc":{"start":{"line":48,"column":15},"end":{"line":48,"column":25}},"line":48},"4":{"name":"(anonymous_4)","decl":{"start":{"line":49,"column":9},"end":{"line":49,"column":10}},"loc":{"start":{"line":49,"column":14},"end":{"line":49,"column":15}},"line":49},"5":{"name":"getHeaders","decl":{"start":{"line":52,"column":9},"end":{"line":52,"column":19}},"loc":{"start":{"line":52,"column":44},"end":{"line":65,"column":1}},"line":52},"6":{"name":"_request","decl":{"start":{"line":67,"column":15},"end":{"line":67,"column":23}},"loc":{"start":{"line":67,"column":59},"end":{"line":76,"column":1}},"line":67},"7":{"name":"(anonymous_7)","decl":{"start":{"line":72,"column":9},"end":{"line":72,"column":10}},"loc":{"start":{"line":72,"column":16},"end":{"line":75,"column":2}},"line":72},"8":{"name":"(anonymous_8)","decl":{"start":{"line":75,"column":10},"end":{"line":75,"column":11}},"loc":{"start":{"line":75,"column":15},"end":{"line":75,"column":16}},"line":75},"9":{"name":"makeRequest","decl":{"start":{"line":78,"column":15},"end":{"line":78,"column":26}},"loc":{"start":{"line":78,"column":52},"end":{"line":80,"column":1}},"line":78},"10":{"name":"criticalRequest","decl":{"start":{"line":82,"column":15},"end":{"line":82,"column":30}},"loc":{"start":{"line":82,"column":66},"end":{"line":84,"column":1}},"line":82}},"branchMap":{"0":{"loc":{"start":{"line":23,"column":1},"end":{"line":28,"column":2}},"type":"if","locations":[{"start":{"line":23,"column":1},"end":{"line":28,"column":2}},{"start":{"line":23,"column":1},"end":{"line":28,"column":2}}],"line":23},"1":{"loc":{"start":{"line":59,"column":1},"end":{"line":62,"column":2}},"type":"if","locations":[{"start":{"line":59,"column":1},"end":{"line":62,"column":2}},{"start":{"line":59,"column":1},"end":{"line":62,"column":2}}],"line":59},"2":{"loc":{"start":{"line":73,"column":2},"end":{"line":73,"column":37}},"type":"if","locations":[{"start":{"line":73,"column":2},"end":{"line":73,"column":37}},{"start":{"line":73,"column":2},"end":{"line":73,"column":37}}],"line":73}},"s":{"0":0,"1":0,"2":0,"3":0,"4":0,"5":0,"6":0,"7":0,"8":0,"9":0,"10":0,"11":0,"12":0,"13":0,"14":0,"15":0,"16":0,"17":0,"18":0,"19":0,"20":0,"21":0,"22":0,"23":0,"24":0,"25":0,"26":0,"27":0,"28":0,"29":0,"30":0},"f":{"0":0,"1":0,"2":0,"3":0,"4":0,"5":0,"6":0,"7":0,"8":0,"9":0,"10":0},"b":{"0":[0,0],"1":[0,0],"2":[0,0]},"all":true},"/home/wollac/dev/web/BITCORN-Hub/_bot/src/api-interface/database-api.js":{"path":"/home/wollac/dev/web/BITCORN-Hub/_bot/src/api-interface/database-api.js","statementMap":{"0":{"start":{"line":8,"column":26},"end":{"line":8,"column":47}},"1":{"start":{"line":10,"column":19},"end":{"line":10,"column":43}},"2":{"start":{"line":12,"column":16},"end":{"line":12,"column":54}},"3":{"start":{"line":13,"column":20},"end":{"line":13,"column":62}},"4":{"start":{"line":14,"column":21},"end":{"line":14,"column":64}},"5":{"start":{"line":18,"column":4},"end":{"line":18,"column":42}},"6":{"start":{"line":19,"column":4},"end":{"line":19,"column":29}},"7":{"start":{"line":21,"column":4},"end":{"line":21,"column":35}},"8":{"start":{"line":22,"column":4},"end":{"line":22,"column":37}},"9":{"start":{"line":24,"column":4},"end":{"line":33,"column":6}},"10":{"start":{"line":35,"column":4},"end":{"line":42,"column":6}},"11":{"start":{"line":44,"column":4},"end":{"line":49,"column":6}},"12":{"start":{"line":52,"column":0},"end":{"line":54,"column":1}},"13":{"start":{"line":53,"column":1},"end":{"line":53,"column":16}},"14":{"start":{"line":56,"column":0},"end":{"line":62,"column":1}},"15":{"start":{"line":57,"column":1},"end":{"line":61,"column":2}},"16":{"start":{"line":58,"column":2},"end":{"line":58,"column":33}},"17":{"start":{"line":60,"column":2},"end":{"line":60,"column":34}},"18":{"start":{"line":65,"column":0},"end":{"line":69,"column":1}},"19":{"start":{"line":66,"column":26},"end":{"line":66,"column":75}},"20":{"start":{"line":67,"column":13},"end":{"line":67,"column":56}},"21":{"start":{"line":68,"column":4},"end":{"line":68,"column":59}},"22":{"start":{"line":71,"column":0},"end":{"line":75,"column":1}},"23":{"start":{"line":72,"column":26},"end":{"line":72,"column":75}},"24":{"start":{"line":73,"column":13},"end":{"line":73,"column":51}},"25":{"start":{"line":74,"column":4},"end":{"line":74,"column":59}},"26":{"start":{"line":77,"column":0},"end":{"line":81,"column":1}},"27":{"start":{"line":78,"column":29},"end":{"line":78,"column":78}},"28":{"start":{"line":79,"column":13},"end":{"line":79,"column":40}},"29":{"start":{"line":80,"column":4},"end":{"line":80,"column":69}},"30":{"start":{"line":83,"column":0},"end":{"line":87,"column":1}},"31":{"start":{"line":84,"column":29},"end":{"line":84,"column":78}},"32":{"start":{"line":85,"column":13},"end":{"line":85,"column":40}},"33":{"start":{"line":86,"column":4},"end":{"line":86,"column":73}},"34":{"start":{"line":89,"column":0},"end":{"line":93,"column":1}},"35":{"start":{"line":90,"column":29},"end":{"line":90,"column":78}},"36":{"start":{"line":91,"column":13},"end":{"line":91,"column":51}},"37":{"start":{"line":92,"column":4},"end":{"line":92,"column":73}},"38":{"start":{"line":95,"column":0},"end":{"line":97,"column":1}},"39":{"start":{"line":96,"column":4},"end":{"line":96,"column":76}},"40":{"start":{"line":99,"column":0},"end":{"line":101,"column":1}},"41":{"start":{"line":100,"column":4},"end":{"line":100,"column":90}},"42":{"start":{"line":103,"column":0},"end":{"line":105,"column":1}},"43":{"start":{"line":104,"column":4},"end":{"line":104,"column":69}},"44":{"start":{"line":107,"column":0},"end":{"line":109,"column":1}},"45":{"start":{"line":108,"column":4},"end":{"line":108,"column":69}},"46":{"start":{"line":111,"column":0},"end":{"line":113,"column":1}},"47":{"start":{"line":112,"column":4},"end":{"line":112,"column":83}},"48":{"start":{"line":115,"column":0},"end":{"line":117,"column":1}},"49":{"start":{"line":116,"column":4},"end":{"line":116,"column":77}},"50":{"start":{"line":119,"column":0},"end":{"line":125,"column":1}},"51":{"start":{"line":120,"column":4},"end":{"line":124,"column":7}},"52":{"start":{"line":130,"column":0},"end":{"line":132,"column":1}},"53":{"start":{"line":131,"column":4},"end":{"line":131,"column":59}},"54":{"start":{"line":137,"column":0},"end":{"line":143,"column":1}},"55":{"start":{"line":139,"column":4},"end":{"line":142,"column":7}},"56":{"start":{"line":145,"column":0},"end":{"line":152,"column":1}},"57":{"start":{"line":147,"column":4},"end":{"line":151,"column":7}},"58":{"start":{"line":155,"column":0},"end":{"line":159,"column":1}},"59":{"start":{"line":156,"column":4},"end":{"line":158,"column":7}},"60":{"start":{"line":164,"column":0},"end":{"line":170,"column":1}},"61":{"start":{"line":165,"column":4},"end":{"line":169,"column":7}},"62":{"start":{"line":176,"column":0},"end":{"line":178,"column":1}},"63":{"start":{"line":177,"column":4},"end":{"line":177,"column":94}},"64":{"start":{"line":183,"column":0},"end":{"line":189,"column":1}},"65":{"start":{"line":184,"column":4},"end":{"line":188,"column":7}},"66":{"start":{"line":194,"column":0},"end":{"line":196,"column":1}},"67":{"start":{"line":195,"column":4},"end":{"line":195,"column":99}},"68":{"start":{"line":201,"column":0},"end":{"line":203,"column":1}},"69":{"start":{"line":202,"column":4},"end":{"line":202,"column":118}},"70":{"start":{"line":208,"column":0},"end":{"line":210,"column":1}},"71":{"start":{"line":209,"column":4},"end":{"line":209,"column":16}},"72":{"start":{"line":250,"column":0},"end":{"line":257,"column":1}},"73":{"start":{"line":251,"column":1},"end":{"line":256,"column":3}},"74":{"start":{"line":252,"column":14},"end":{"line":252,"column":84}},"75":{"start":{"line":253,"column":17},"end":{"line":253,"column":91}},"76":{"start":{"line":254,"column":17},"end":{"line":254,"column":86}},"77":{"start":{"line":255,"column":18},"end":{"line":255,"column":83}},"78":{"start":{"line":263,"column":0},"end":{"line":265,"column":1}},"79":{"start":{"line":264,"column":4},"end":{"line":264,"column":87}},"80":{"start":{"line":271,"column":0},"end":{"line":273,"column":1}},"81":{"start":{"line":272,"column":4},"end":{"line":272,"column":130}},"82":{"start":{"line":280,"column":0},"end":{"line":280,"column":40}}},"fnMap":{"0":{"name":"DatabaseEndpoint","decl":{"start":{"line":16,"column":9},"end":{"line":16,"column":25}},"loc":{"start":{"line":16,"column":28},"end":{"line":50,"column":1}},"line":16},"1":{"name":"(anonymous_1)","decl":{"start":{"line":52,"column":37},"end":{"line":52,"column":38}},"loc":{"start":{"line":52,"column":48},"end":{"line":54,"column":1}},"line":52},"2":{"name":"(anonymous_2)","decl":{"start":{"line":56,"column":34},"end":{"line":56,"column":35}},"loc":{"start":{"line":56,"column":45},"end":{"line":62,"column":1}},"line":56},"3":{"name":"(anonymous_3)","decl":{"start":{"line":65,"column":46},"end":{"line":65,"column":47}},"loc":{"start":{"line":65,"column":68},"end":{"line":69,"column":1}},"line":65},"4":{"name":"(anonymous_4)","decl":{"start":{"line":71,"column":45},"end":{"line":71,"column":46}},"loc":{"start":{"line":71,"column":86},"end":{"line":75,"column":1}},"line":71},"5":{"name":"(anonymous_5)","decl":{"start":{"line":77,"column":47},"end":{"line":77,"column":48}},"loc":{"start":{"line":77,"column":88},"end":{"line":81,"column":1}},"line":77},"6":{"name":"(anonymous_6)","decl":{"start":{"line":83,"column":51},"end":{"line":83,"column":52}},"loc":{"start":{"line":83,"column":92},"end":{"line":87,"column":1}},"line":83},"7":{"name":"(anonymous_7)","decl":{"start":{"line":89,"column":49},"end":{"line":89,"column":50}},"loc":{"start":{"line":89,"column":100},"end":{"line":93,"column":1}},"line":89},"8":{"name":"(anonymous_8)","decl":{"start":{"line":95,"column":41},"end":{"line":95,"column":42}},"loc":{"start":{"line":95,"column":73},"end":{"line":97,"column":1}},"line":95},"9":{"name":"(anonymous_9)","decl":{"start":{"line":99,"column":45},"end":{"line":99,"column":46}},"loc":{"start":{"line":99,"column":87},"end":{"line":101,"column":1}},"line":99},"10":{"name":"(anonymous_10)","decl":{"start":{"line":103,"column":45},"end":{"line":103,"column":46}},"loc":{"start":{"line":103,"column":77},"end":{"line":105,"column":1}},"line":103},"11":{"name":"(anonymous_11)","decl":{"start":{"line":107,"column":45},"end":{"line":107,"column":46}},"loc":{"start":{"line":107,"column":77},"end":{"line":109,"column":1}},"line":107},"12":{"name":"(anonymous_12)","decl":{"start":{"line":111,"column":49},"end":{"line":111,"column":50}},"loc":{"start":{"line":111,"column":91},"end":{"line":113,"column":1}},"line":111},"13":{"name":"(anonymous_13)","decl":{"start":{"line":115,"column":51},"end":{"line":115,"column":52}},"loc":{"start":{"line":115,"column":83},"end":{"line":117,"column":1}},"line":115},"14":{"name":"(anonymous_14)","decl":{"start":{"line":119,"column":42},"end":{"line":119,"column":43}},"loc":{"start":{"line":119,"column":91},"end":{"line":125,"column":1}},"line":119},"15":{"name":"(anonymous_15)","decl":{"start":{"line":130,"column":55},"end":{"line":130,"column":56}},"loc":{"start":{"line":130,"column":93},"end":{"line":132,"column":1}},"line":130},"16":{"name":"(anonymous_16)","decl":{"start":{"line":137,"column":56},"end":{"line":137,"column":57}},"loc":{"start":{"line":137,"column":100},"end":{"line":143,"column":1}},"line":137},"17":{"name":"(anonymous_17)","decl":{"start":{"line":145,"column":66},"end":{"line":145,"column":67}},"loc":{"start":{"line":145,"column":126},"end":{"line":152,"column":1}},"line":145},"18":{"name":"(anonymous_18)","decl":{"start":{"line":155,"column":44},"end":{"line":155,"column":45}},"loc":{"start":{"line":155,"column":70},"end":{"line":159,"column":1}},"line":155},"19":{"name":"(anonymous_19)","decl":{"start":{"line":164,"column":45},"end":{"line":164,"column":46}},"loc":{"start":{"line":164,"column":89},"end":{"line":170,"column":1}},"line":164},"20":{"name":"(anonymous_20)","decl":{"start":{"line":176,"column":41},"end":{"line":176,"column":42}},"loc":{"start":{"line":176,"column":79},"end":{"line":178,"column":1}},"line":176},"21":{"name":"(anonymous_21)","decl":{"start":{"line":183,"column":44},"end":{"line":183,"column":45}},"loc":{"start":{"line":183,"column":90},"end":{"line":189,"column":1}},"line":183},"22":{"name":"(anonymous_22)","decl":{"start":{"line":194,"column":46},"end":{"line":194,"column":47}},"loc":{"start":{"line":194,"column":84},"end":{"line":196,"column":1}},"line":194},"23":{"name":"(anonymous_23)","decl":{"start":{"line":201,"column":46},"end":{"line":201,"column":47}},"loc":{"start":{"line":201,"column":90},"end":{"line":203,"column":1}},"line":201},"24":{"name":"(anonymous_24)","decl":{"start":{"line":208,"column":45},"end":{"line":208,"column":46}},"loc":{"start":{"line":208,"column":71},"end":{"line":210,"column":1}},"line":208},"25":{"name":"(anonymous_25)","decl":{"start":{"line":250,"column":37},"end":{"line":250,"column":38}},"loc":{"start":{"line":250,"column":62},"end":{"line":257,"column":1}},"line":250},"26":{"name":"(anonymous_26)","decl":{"start":{"line":252,"column":8},"end":{"line":252,"column":9}},"loc":{"start":{"line":252,"column":14},"end":{"line":252,"column":84}},"line":252},"27":{"name":"(anonymous_27)","decl":{"start":{"line":253,"column":11},"end":{"line":253,"column":12}},"loc":{"start":{"line":253,"column":17},"end":{"line":253,"column":91}},"line":253},"28":{"name":"(anonymous_28)","decl":{"start":{"line":254,"column":11},"end":{"line":254,"column":12}},"loc":{"start":{"line":254,"column":17},"end":{"line":254,"column":86}},"line":254},"29":{"name":"(anonymous_29)","decl":{"start":{"line":255,"column":12},"end":{"line":255,"column":13}},"loc":{"start":{"line":255,"column":18},"end":{"line":255,"column":83}},"line":255},"30":{"name":"(anonymous_30)","decl":{"start":{"line":263,"column":43},"end":{"line":263,"column":44}},"loc":{"start":{"line":263,"column":68},"end":{"line":265,"column":1}},"line":263},"31":{"name":"(anonymous_31)","decl":{"start":{"line":271,"column":46},"end":{"line":271,"column":47}},"loc":{"start":{"line":271,"column":83},"end":{"line":273,"column":1}},"line":271}},"branchMap":{"0":{"loc":{"start":{"line":57,"column":1},"end":{"line":61,"column":2}},"type":"if","locations":[{"start":{"line":57,"column":1},"end":{"line":61,"column":2}},{"start":{"line":57,"column":1},"end":{"line":61,"column":2}}],"line":57}},"s":{"0":0,"1":0,"2":0,"3":0,"4":0,"5":0,"6":0,"7":0,"8":0,"9":0,"10":0,"11":0,"12":0,"13":0,"14":0,"15":0,"16":0,"17":0,"18":0,"19":0,"20":0,"21":0,"22":0,"23":0,"24":0,"25":0,"26":0,"27":0,"28":0,"29":0,"30":0,"31":0,"32":0,"33":0,"34":0,"35":0,"36":0,"37":0,"38":0,"39":0,"40":0,"41":0,"42":0,"43":0,"44":0,"45":0,"46":0,"47":0,"48":0,"49":0,"50":0,"51":0,"52":0,"53":0,"54":0,"55":0,"56":0,"57":0,"58":0,"59":0,"60":0,"61":0,"62":0,"63":0,"64":0,"65":0,"66":0,"67":0,"68":0,"69":0,"70":0,"71":0,"72":0,"73":0,"74":0,"75":0,"76":0,"77":0,"78":0,"79":0,"80":0,"81":0,"82":0},"f":{"0":0,"1":0,"2":0,"3":0,"4":0,"5":0,"6":0,"7":0,"8":0,"9":0,"10":0,"11":0,"12":0,"13":0,"14":0,"15":0,"16":0,"17":0,"18":0,"19":0,"20":0,"21":0,"22":0,"23":0,"24":0,"25":0,"26":0,"27":0,"28":0,"29":0,"30":0,"31":0},"b":{"0":[0,0]},"all":true},"/home/wollac/dev/web/BITCORN-Hub/_bot/src/commander.js":{"path":"/home/wollac/dev/web/BITCORN-Hub/_bot/src/commander.js","statementMap":{"0":{"start":{"line":3,"column":26},"end":{"line":3,"column":44}},"1":{"start":{"line":4,"column":21},"end":{"line":4,"column":52}},"2":{"start":{"line":6,"column":21},"end":{"line":6,"column":34}},"3":{"start":{"line":7,"column":17},"end":{"line":7,"column":43}},"4":{"start":{"line":9,"column":32},"end":{"line":18,"column":1}},"5":{"start":{"line":20,"column":28},"end":{"line":26,"column":1}},"6":{"start":{"line":28,"column":30},"end":{"line":34,"column":1}},"7":{"start":{"line":37,"column":1},"end":{"line":37,"column":45}},"8":{"start":{"line":41,"column":21},"end":{"line":41,"column":30}},"9":{"start":{"line":42,"column":1},"end":{"line":47,"column":2}},"10":{"start":{"line":42,"column":14},"end":{"line":42,"column":15}},"11":{"start":{"line":43,"column":18},"end":{"line":43,"column":29}},"12":{"start":{"line":44,"column":15},"end":{"line":44,"column":48}},"13":{"start":{"line":45,"column":2},"end":{"line":45,"column":38}},"14":{"start":{"line":45,"column":29},"end":{"line":45,"column":38}},"15":{"start":{"line":46,"column":2},"end":{"line":46,"column":33}},"16":{"start":{"line":48,"column":1},"end":{"line":48,"column":20}},"17":{"start":{"line":53,"column":16},"end":{"line":53,"column":30}},"18":{"start":{"line":54,"column":14},"end":{"line":54,"column":28}},"19":{"start":{"line":55,"column":16},"end":{"line":55,"column":22}},"20":{"start":{"line":57,"column":1},"end":{"line":57,"column":79}},"21":{"start":{"line":61,"column":15},"end":{"line":61,"column":20}},"22":{"start":{"line":63,"column":1},"end":{"line":85,"column":2}},"23":{"start":{"line":64,"column":2},"end":{"line":73,"column":3}},"24":{"start":{"line":65,"column":3},"end":{"line":67,"column":4}},"25":{"start":{"line":66,"column":4},"end":{"line":66,"column":42}},"26":{"start":{"line":69,"column":3},"end":{"line":69,"column":73}},"27":{"start":{"line":71,"column":3},"end":{"line":71,"column":28}},"28":{"start":{"line":72,"column":3},"end":{"line":72,"column":18}},"29":{"start":{"line":75,"column":2},"end":{"line":75,"column":83}},"30":{"start":{"line":78,"column":2},"end":{"line":83,"column":3}},"31":{"start":{"line":80,"column":3},"end":{"line":80,"column":63}},"32":{"start":{"line":82,"column":3},"end":{"line":82,"column":18}},"33":{"start":{"line":84,"column":2},"end":{"line":84,"column":73}},"34":{"start":{"line":86,"column":1},"end":{"line":86,"column":16}},"35":{"start":{"line":90,"column":1},"end":{"line":90,"column":47}},"36":{"start":{"line":93,"column":10},"end":{"line":93,"column":27}},"37":{"start":{"line":95,"column":1},"end":{"line":95,"column":92}},"38":{"start":{"line":95,"column":60},"end":{"line":95,"column":77}},"39":{"start":{"line":104,"column":1},"end":{"line":106,"column":2}},"40":{"start":{"line":105,"column":2},"end":{"line":105,"column":165}},"41":{"start":{"line":108,"column":1},"end":{"line":108,"column":31}},"42":{"start":{"line":111,"column":0},"end":{"line":125,"column":2}}},"fnMap":{"0":{"name":"commandName","decl":{"start":{"line":36,"column":9},"end":{"line":36,"column":20}},"loc":{"start":{"line":36,"column":27},"end":{"line":38,"column":1}},"line":36},"1":{"name":"createCommandsMap","decl":{"start":{"line":40,"column":9},"end":{"line":40,"column":26}},"loc":{"start":{"line":40,"column":29},"end":{"line":49,"column":1}},"line":40},"2":{"name":"messageAsCommand","decl":{"start":{"line":51,"column":9},"end":{"line":51,"column":25}},"loc":{"start":{"line":51,"column":31},"end":{"line":58,"column":1}},"line":51},"3":{"name":"checkCooldown","decl":{"start":{"line":60,"column":9},"end":{"line":60,"column":22}},"loc":{"start":{"line":60,"column":53},"end":{"line":87,"column":1}},"line":60},"4":{"name":"calculateCooldownSuccess","decl":{"start":{"line":89,"column":9},"end":{"line":89,"column":33}},"loc":{"start":{"line":89,"column":48},"end":{"line":91,"column":1}},"line":89},"5":{"name":"validatedEventParameters","decl":{"start":{"line":94,"column":9},"end":{"line":94,"column":33}},"loc":{"start":{"line":94,"column":41},"end":{"line":100,"column":1}},"line":94},"6":{"name":"(anonymous_6)","decl":{"start":{"line":95,"column":51},"end":{"line":95,"column":52}},"loc":{"start":{"line":95,"column":60},"end":{"line":95,"column":77}},"line":95},"7":{"name":"validateAndExecute","decl":{"start":{"line":102,"column":15},"end":{"line":102,"column":33}},"loc":{"start":{"line":102,"column":50},"end":{"line":109,"column":1}},"line":102}},"branchMap":{"0":{"loc":{"start":{"line":37,"column":8},"end":{"line":37,"column":44}},"type":"cond-expr","locations":[{"start":{"line":37,"column":24},"end":{"line":37,"column":28}},{"start":{"line":37,"column":31},"end":{"line":37,"column":44}}],"line":37},"1":{"loc":{"start":{"line":45,"column":2},"end":{"line":45,"column":38}},"type":"if","locations":[{"start":{"line":45,"column":2},"end":{"line":45,"column":38}},{"start":{"line":45,"column":2},"end":{"line":45,"column":38}}],"line":45},"2":{"loc":{"start":{"line":63,"column":1},"end":{"line":85,"column":2}},"type":"if","locations":[{"start":{"line":63,"column":1},"end":{"line":85,"column":2}},{"start":{"line":63,"column":1},"end":{"line":85,"column":2}}],"line":63},"3":{"loc":{"start":{"line":64,"column":2},"end":{"line":73,"column":3}},"type":"if","locations":[{"start":{"line":64,"column":2},"end":{"line":73,"column":3}},{"start":{"line":64,"column":2},"end":{"line":73,"column":3}}],"line":64},"4":{"loc":{"start":{"line":65,"column":3},"end":{"line":67,"column":4}},"type":"if","locations":[{"start":{"line":65,"column":3},"end":{"line":67,"column":4}},{"start":{"line":65,"column":3},"end":{"line":67,"column":4}}],"line":65},"5":{"loc":{"start":{"line":78,"column":2},"end":{"line":83,"column":3}},"type":"if","locations":[{"start":{"line":78,"column":2},"end":{"line":83,"column":3}},{"start":{"line":78,"column":2},"end":{"line":83,"column":3}}],"line":78},"6":{"loc":{"start":{"line":104,"column":1},"end":{"line":106,"column":2}},"type":"if","locations":[{"start":{"line":104,"column":1},"end":{"line":106,"column":2}},{"start":{"line":104,"column":1},"end":{"line":106,"column":2}}],"line":104}},"s":{"0":0,"1":0,"2":0,"3":0,"4":0,"5":0,"6":0,"7":0,"8":0,"9":0,"10":0,"11":0,"12":0,"13":0,"14":0,"15":0,"16":0,"17":0,"18":0,"19":0,"20":0,"21":0,"22":0,"23":0,"24":0,"25":0,"26":0,"27":0,"28":0,"29":0,"30":0,"31":0,"32":0,"33":0,"34":0,"35":0,"36":0,"37":0,"38":0,"39":0,"40":0,"41":0,"42":0},"f":{"0":0,"1":0,"2":0,"3":0,"4":0,"5":0,"6":0,"7":0},"b":{"0":[0,0],"1":[0,0],"2":[0,0],"3":[0,0],"4":[0,0],"5":[0,0],"6":[0,0]},"all":true},"/home/wollac/dev/web/BITCORN-Hub/_bot/src/commands/bitcorn.js":{"path":"/home/wollac/dev/web/BITCORN-Hub/_bot/src/commands/bitcorn.js","statementMap":{"0":{"start":{"line":7,"column":13},"end":{"line":7,"column":28}},"1":{"start":{"line":8,"column":20},"end":{"line":8,"column":60}},"2":{"start":{"line":9,"column":21},"end":{"line":9,"column":53}},"3":{"start":{"line":11,"column":0},"end":{"line":54,"column":2}},"4":{"start":{"line":24,"column":16},"end":{"line":24,"column":21}},"5":{"start":{"line":25,"column":16},"end":{"line":25,"column":32}},"6":{"start":{"line":26,"column":19},"end":{"line":26,"column":35}},"7":{"start":{"line":28,"column":17},"end":{"line":28,"column":74}},"8":{"start":{"line":29,"column":2},"end":{"line":50,"column":3}},"9":{"start":{"line":32,"column":3},"end":{"line":32,"column":65}},"10":{"start":{"line":34,"column":9},"end":{"line":50,"column":3}},"11":{"start":{"line":36,"column":3},"end":{"line":36,"column":18}},"12":{"start":{"line":37,"column":3},"end":{"line":37,"column":136}},"13":{"start":{"line":39,"column":9},"end":{"line":50,"column":3}},"14":{"start":{"line":41,"column":3},"end":{"line":41,"column":55}},"15":{"start":{"line":43,"column":9},"end":{"line":50,"column":3}},"16":{"start":{"line":45,"column":3},"end":{"line":45,"column":111}},"17":{"start":{"line":48,"column":3},"end":{"line":48,"column":18}},"18":{"start":{"line":49,"column":3},"end":{"line":49,"column":191}},"19":{"start":{"line":52,"column":2},"end":{"line":52,"column":95}}},"fnMap":{"0":{"name":"(anonymous_0)","decl":{"start":{"line":22,"column":1},"end":{"line":22,"column":2}},"loc":{"start":{"line":22,"column":22},"end":{"line":53,"column":2}},"line":22}},"branchMap":{"0":{"loc":{"start":{"line":29,"column":2},"end":{"line":50,"column":3}},"type":"if","locations":[{"start":{"line":29,"column":2},"end":{"line":50,"column":3}},{"start":{"line":29,"column":2},"end":{"line":50,"column":3}}],"line":29},"1":{"loc":{"start":{"line":29,"column":6},"end":{"line":29,"column":44}},"type":"binary-expr","locations":[{"start":{"line":29,"column":6},"end":{"line":29,"column":19}},{"start":{"line":29,"column":23},"end":{"line":29,"column":44}}],"line":29},"2":{"loc":{"start":{"line":34,"column":9},"end":{"line":50,"column":3}},"type":"if","locations":[{"start":{"line":34,"column":9},"end":{"line":50,"column":3}},{"start":{"line":34,"column":9},"end":{"line":50,"column":3}}],"line":34},"3":{"loc":{"start":{"line":34,"column":12},"end":{"line":34,"column":50}},"type":"binary-expr","locations":[{"start":{"line":34,"column":12},"end":{"line":34,"column":25}},{"start":{"line":34,"column":29},"end":{"line":34,"column":50}}],"line":34},"4":{"loc":{"start":{"line":39,"column":9},"end":{"line":50,"column":3}},"type":"if","locations":[{"start":{"line":39,"column":9},"end":{"line":50,"column":3}},{"start":{"line":39,"column":9},"end":{"line":50,"column":3}}],"line":39},"5":{"loc":{"start":{"line":39,"column":13},"end":{"line":39,"column":51}},"type":"binary-expr","locations":[{"start":{"line":39,"column":13},"end":{"line":39,"column":26}},{"start":{"line":39,"column":30},"end":{"line":39,"column":51}}],"line":39},"6":{"loc":{"start":{"line":43,"column":9},"end":{"line":50,"column":3}},"type":"if","locations":[{"start":{"line":43,"column":9},"end":{"line":50,"column":3}},{"start":{"line":43,"column":9},"end":{"line":50,"column":3}}],"line":43},"7":{"loc":{"start":{"line":43,"column":13},"end":{"line":43,"column":41}},"type":"binary-expr","locations":[{"start":{"line":43,"column":13},"end":{"line":43,"column":26}},{"start":{"line":43,"column":30},"end":{"line":43,"column":41}}],"line":43},"8":{"loc":{"start":{"line":45,"column":35},"end":{"line":45,"column":63}},"type":"binary-expr","locations":[{"start":{"line":45,"column":35},"end":{"line":45,"column":48}},{"start":{"line":45,"column":52},"end":{"line":45,"column":63}}],"line":45}},"s":{"0":0,"1":0,"2":0,"3":0,"4":0,"5":0,"6":0,"7":0,"8":0,"9":0,"10":0,"11":0,"12":0,"13":0,"14":0,"15":0,"16":0,"17":0,"18":0,"19":0},"f":{"0":0},"b":{"0":[0,0],"1":[0,0],"2":[0,0],"3":[0,0],"4":[0,0],"5":[0,0],"6":[0,0],"7":[0,0],"8":[0,0]},"all":true},"/home/wollac/dev/web/BITCORN-Hub/_bot/src/commands/blacklist.js":{"path":"/home/wollac/dev/web/BITCORN-Hub/_bot/src/commands/blacklist.js","statementMap":{"0":{"start":{"line":7,"column":14},"end":{"line":7,"column":35}},"1":{"start":{"line":8,"column":13},"end":{"line":8,"column":28}},"2":{"start":{"line":10,"column":13},"end":{"line":10,"column":43}},"3":{"start":{"line":11,"column":23},"end":{"line":11,"column":64}},"4":{"start":{"line":13,"column":20},"end":{"line":13,"column":60}},"5":{"start":{"line":14,"column":20},"end":{"line":14,"column":52}},"6":{"start":{"line":15,"column":21},"end":{"line":15,"column":53}},"7":{"start":{"line":17,"column":0},"end":{"line":67,"column":2}},"8":{"start":{"line":30,"column":16},"end":{"line":30,"column":21}},"9":{"start":{"line":31,"column":16},"end":{"line":31,"column":32}},"10":{"start":{"line":32,"column":19},"end":{"line":32,"column":35}},"11":{"start":{"line":34,"column":25},"end":{"line":34,"column":61}},"12":{"start":{"line":36,"column":15},"end":{"line":36,"column":115}},"13":{"start":{"line":36,"column":104},"end":{"line":36,"column":114}},"14":{"start":{"line":38,"column":2},"end":{"line":63,"column":3}},"15":{"start":{"line":39,"column":3},"end":{"line":39,"column":34}},"16":{"start":{"line":40,"column":3},"end":{"line":42,"column":4}},"17":{"start":{"line":41,"column":4},"end":{"line":41,"column":27}},"18":{"start":{"line":45,"column":18},"end":{"line":45,"column":77}},"19":{"start":{"line":46,"column":3},"end":{"line":62,"column":4}},"20":{"start":{"line":49,"column":4},"end":{"line":49,"column":66}},"21":{"start":{"line":51,"column":10},"end":{"line":62,"column":4}},"22":{"start":{"line":53,"column":4},"end":{"line":53,"column":66}},"23":{"start":{"line":55,"column":10},"end":{"line":62,"column":4}},"24":{"start":{"line":57,"column":4},"end":{"line":57,"column":19}},"25":{"start":{"line":58,"column":4},"end":{"line":58,"column":93}},"26":{"start":{"line":61,"column":4},"end":{"line":61,"column":116}},"27":{"start":{"line":65,"column":2},"end":{"line":65,"column":95}}},"fnMap":{"0":{"name":"(anonymous_0)","decl":{"start":{"line":28,"column":1},"end":{"line":28,"column":2}},"loc":{"start":{"line":28,"column":22},"end":{"line":66,"column":2}},"line":28},"1":{"name":"(anonymous_1)","decl":{"start":{"line":36,"column":97},"end":{"line":36,"column":98}},"loc":{"start":{"line":36,"column":104},"end":{"line":36,"column":114}},"line":36}},"branchMap":{"0":{"loc":{"start":{"line":38,"column":2},"end":{"line":63,"column":3}},"type":"if","locations":[{"start":{"line":38,"column":2},"end":{"line":63,"column":3}},{"start":{"line":38,"column":2},"end":{"line":63,"column":3}}],"line":38},"1":{"loc":{"start":{"line":38,"column":6},"end":{"line":38,"column":33}},"type":"binary-expr","locations":[{"start":{"line":38,"column":6},"end":{"line":38,"column":19}},{"start":{"line":38,"column":23},"end":{"line":38,"column":33}}],"line":38},"2":{"loc":{"start":{"line":40,"column":3},"end":{"line":42,"column":4}},"type":"if","locations":[{"start":{"line":40,"column":3},"end":{"line":42,"column":4}},{"start":{"line":40,"column":3},"end":{"line":42,"column":4}}],"line":40},"3":{"loc":{"start":{"line":46,"column":3},"end":{"line":62,"column":4}},"type":"if","locations":[{"start":{"line":46,"column":3},"end":{"line":62,"column":4}},{"start":{"line":46,"column":3},"end":{"line":62,"column":4}}],"line":46},"4":{"loc":{"start":{"line":46,"column":7},"end":{"line":46,"column":45}},"type":"binary-expr","locations":[{"start":{"line":46,"column":7},"end":{"line":46,"column":20}},{"start":{"line":46,"column":24},"end":{"line":46,"column":45}}],"line":46},"5":{"loc":{"start":{"line":51,"column":10},"end":{"line":62,"column":4}},"type":"if","locations":[{"start":{"line":51,"column":10},"end":{"line":62,"column":4}},{"start":{"line":51,"column":10},"end":{"line":62,"column":4}}],"line":51},"6":{"loc":{"start":{"line":55,"column":10},"end":{"line":62,"column":4}},"type":"if","locations":[{"start":{"line":55,"column":10},"end":{"line":62,"column":4}},{"start":{"line":55,"column":10},"end":{"line":62,"column":4}}],"line":55},"7":{"loc":{"start":{"line":61,"column":36},"end":{"line":61,"column":64}},"type":"binary-expr","locations":[{"start":{"line":61,"column":36},"end":{"line":61,"column":49}},{"start":{"line":61,"column":53},"end":{"line":61,"column":64}}],"line":61}},"s":{"0":0,"1":0,"2":0,"3":0,"4":0,"5":0,"6":0,"7":0,"8":0,"9":0,"10":0,"11":0,"12":0,"13":0,"14":0,"15":0,"16":0,"17":0,"18":0,"19":0,"20":0,"21":0,"22":0,"23":0,"24":0,"25":0,"26":0,"27":0},"f":{"0":0,"1":0},"b":{"0":[0,0],"1":[0,0],"2":[0,0],"3":[0,0],"4":[0,0],"5":[0,0],"6":[0,0],"7":[0,0]},"all":true},"/home/wollac/dev/web/BITCORN-Hub/_bot/src/commands/help.js":{"path":"/home/wollac/dev/web/BITCORN-Hub/_bot/src/commands/help.js","statementMap":{"0":{"start":{"line":7,"column":21},"end":{"line":7,"column":53}},"1":{"start":{"line":9,"column":0},"end":{"line":27,"column":2}},"2":{"start":{"line":21,"column":2},"end":{"line":25,"column":27}}},"fnMap":{"0":{"name":"(anonymous_0)","decl":{"start":{"line":20,"column":1},"end":{"line":20,"column":2}},"loc":{"start":{"line":20,"column":22},"end":{"line":26,"column":2}},"line":20}},"branchMap":{},"s":{"0":0,"1":0,"2":0},"f":{"0":0},"b":{},"all":true},"/home/wollac/dev/web/BITCORN-Hub/_bot/src/commands/rain.js":{"path":"/home/wollac/dev/web/BITCORN-Hub/_bot/src/commands/rain.js","statementMap":{"0":{"start":{"line":7,"column":14},"end":{"line":7,"column":35}},"1":{"start":{"line":8,"column":13},"end":{"line":8,"column":28}},"2":{"start":{"line":10,"column":13},"end":{"line":10,"column":43}},"3":{"start":{"line":11,"column":23},"end":{"line":11,"column":64}},"4":{"start":{"line":13,"column":20},"end":{"line":13,"column":60}},"5":{"start":{"line":14,"column":20},"end":{"line":14,"column":52}},"6":{"start":{"line":15,"column":21},"end":{"line":15,"column":53}},"7":{"start":{"line":16,"column":13},"end":{"line":16,"column":37}},"8":{"start":{"line":17,"column":24},"end":{"line":17,"column":61}},"9":{"start":{"line":19,"column":0},"end":{"line":141,"column":2}},"10":{"start":{"line":31,"column":16},"end":{"line":31,"column":21}},"11":{"start":{"line":32,"column":16},"end":{"line":32,"column":32}},"12":{"start":{"line":33,"column":19},"end":{"line":33,"column":35}},"13":{"start":{"line":35,"column":22},"end":{"line":35,"column":62}},"14":{"start":{"line":36,"column":26},"end":{"line":36,"column":66}},"15":{"start":{"line":38,"column":2},"end":{"line":137,"column":3}},"16":{"start":{"line":43,"column":3},"end":{"line":54,"column":4}},"17":{"start":{"line":44,"column":4},"end":{"line":44,"column":19}},"18":{"start":{"line":45,"column":4},"end":{"line":45,"column":162}},"19":{"start":{"line":46,"column":10},"end":{"line":54,"column":4}},"20":{"start":{"line":47,"column":4},"end":{"line":47,"column":19}},"21":{"start":{"line":48,"column":4},"end":{"line":48,"column":118}},"22":{"start":{"line":49,"column":10},"end":{"line":54,"column":4}},"23":{"start":{"line":50,"column":4},"end":{"line":50,"column":19}},"24":{"start":{"line":51,"column":4},"end":{"line":51,"column":107}},"25":{"start":{"line":53,"column":4},"end":{"line":53,"column":30}},"26":{"start":{"line":56,"column":27},"end":{"line":57,"column":61}},"27":{"start":{"line":57,"column":17},"end":{"line":57,"column":60}},"28":{"start":{"line":59,"column":17},"end":{"line":59,"column":58}},"29":{"start":{"line":60,"column":18},"end":{"line":60,"column":57}},"30":{"start":{"line":61,"column":22},"end":{"line":61,"column":54}},"31":{"start":{"line":61,"column":37},"end":{"line":61,"column":53}},"32":{"start":{"line":63,"column":16},"end":{"line":69,"column":4}},"33":{"start":{"line":71,"column":19},"end":{"line":71,"column":73}},"34":{"start":{"line":73,"column":3},"end":{"line":136,"column":4}},"35":{"start":{"line":76,"column":4},"end":{"line":76,"column":68}},"36":{"start":{"line":78,"column":10},"end":{"line":136,"column":4}},"37":{"start":{"line":80,"column":4},"end":{"line":80,"column":56}},"38":{"start":{"line":82,"column":10},"end":{"line":136,"column":4}},"39":{"start":{"line":84,"column":4},"end":{"line":84,"column":68}},"40":{"start":{"line":85,"column":10},"end":{"line":136,"column":4}},"41":{"start":{"line":86,"column":4},"end":{"line":86,"column":180}},"42":{"start":{"line":87,"column":4},"end":{"line":87,"column":19}},"43":{"start":{"line":88,"column":10},"end":{"line":136,"column":4}},"44":{"start":{"line":90,"column":4},"end":{"line":90,"column":19}},"45":{"start":{"line":92,"column":25},"end":{"line":94,"column":50}},"46":{"start":{"line":93,"column":5},"end":{"line":93,"column":54}},"47":{"start":{"line":94,"column":16},"end":{"line":94,"column":49}},"48":{"start":{"line":95,"column":19},"end":{"line":97,"column":50}},"49":{"start":{"line":96,"column":5},"end":{"line":96,"column":43}},"50":{"start":{"line":97,"column":16},"end":{"line":97,"column":49}},"51":{"start":{"line":102,"column":22},"end":{"line":102,"column":24}},"52":{"start":{"line":103,"column":4},"end":{"line":112,"column":5}},"53":{"start":{"line":104,"column":5},"end":{"line":111,"column":6}},"54":{"start":{"line":104,"column":18},"end":{"line":104,"column":19}},"55":{"start":{"line":105,"column":19},"end":{"line":105,"column":27}},"56":{"start":{"line":106,"column":19},"end":{"line":106,"column":46}},"57":{"start":{"line":107,"column":6},"end":{"line":107,"column":71}},"58":{"start":{"line":107,"column":62},"end":{"line":107,"column":71}},"59":{"start":{"line":110,"column":6},"end":{"line":110,"column":38}},"60":{"start":{"line":114,"column":4},"end":{"line":132,"column":5}},"61":{"start":{"line":115,"column":28},"end":{"line":115,"column":191}},"62":{"start":{"line":116,"column":27},"end":{"line":116,"column":171}},"63":{"start":{"line":117,"column":5},"end":{"line":117,"column":83}},"64":{"start":{"line":118,"column":11},"end":{"line":132,"column":5}},"65":{"start":{"line":119,"column":5},"end":{"line":125,"column":6}},"66":{"start":{"line":120,"column":6},"end":{"line":120,"column":182}},"67":{"start":{"line":122,"column":29},"end":{"line":122,"column":67}},"68":{"start":{"line":123,"column":28},"end":{"line":123,"column":172}},"69":{"start":{"line":124,"column":6},"end":{"line":124,"column":52}},"70":{"start":{"line":126,"column":11},"end":{"line":132,"column":5}},"71":{"start":{"line":127,"column":28},"end":{"line":127,"column":191}},"72":{"start":{"line":128,"column":5},"end":{"line":128,"column":30}},"73":{"start":{"line":129,"column":11},"end":{"line":132,"column":5}},"74":{"start":{"line":130,"column":5},"end":{"line":130,"column":21}},"75":{"start":{"line":131,"column":5},"end":{"line":131,"column":57}},"76":{"start":{"line":135,"column":4},"end":{"line":135,"column":119}},"77":{"start":{"line":139,"column":2},"end":{"line":139,"column":112}}},"fnMap":{"0":{"name":"(anonymous_0)","decl":{"start":{"line":30,"column":1},"end":{"line":30,"column":2}},"loc":{"start":{"line":30,"column":22},"end":{"line":140,"column":2}},"line":30},"1":{"name":"(anonymous_1)","decl":{"start":{"line":57,"column":12},"end":{"line":57,"column":13}},"loc":{"start":{"line":57,"column":17},"end":{"line":57,"column":60}},"line":57},"2":{"name":"(anonymous_2)","decl":{"start":{"line":61,"column":32},"end":{"line":61,"column":33}},"loc":{"start":{"line":61,"column":37},"end":{"line":61,"column":53}},"line":61},"3":{"name":"(anonymous_3)","decl":{"start":{"line":92,"column":40},"end":{"line":92,"column":41}},"loc":{"start":{"line":92,"column":45},"end":{"line":94,"column":5}},"line":92},"4":{"name":"(anonymous_4)","decl":{"start":{"line":94,"column":11},"end":{"line":94,"column":12}},"loc":{"start":{"line":94,"column":16},"end":{"line":94,"column":49}},"line":94},"5":{"name":"(anonymous_5)","decl":{"start":{"line":95,"column":34},"end":{"line":95,"column":35}},"loc":{"start":{"line":95,"column":39},"end":{"line":97,"column":5}},"line":95},"6":{"name":"(anonymous_6)","decl":{"start":{"line":97,"column":11},"end":{"line":97,"column":12}},"loc":{"start":{"line":97,"column":16},"end":{"line":97,"column":49}},"line":97}},"branchMap":{"0":{"loc":{"start":{"line":38,"column":2},"end":{"line":137,"column":3}},"type":"if","locations":[{"start":{"line":38,"column":2},"end":{"line":137,"column":3}},{"start":{"line":38,"column":2},"end":{"line":137,"column":3}}],"line":38},"1":{"loc":{"start":{"line":38,"column":6},"end":{"line":42,"column":71}},"type":"binary-expr","locations":[{"start":{"line":38,"column":6},"end":{"line":38,"column":49}},{"start":{"line":39,"column":3},"end":{"line":39,"column":50}},{"start":{"line":40,"column":3},"end":{"line":40,"column":47}},{"start":{"line":41,"column":3},"end":{"line":41,"column":47}},{"start":{"line":42,"column":3},"end":{"line":42,"column":23}},{"start":{"line":42,"column":27},"end":{"line":42,"column":71}}],"line":38},"2":{"loc":{"start":{"line":43,"column":3},"end":{"line":54,"column":4}},"type":"if","locations":[{"start":{"line":43,"column":3},"end":{"line":54,"column":4}},{"start":{"line":43,"column":3},"end":{"line":54,"column":4}}],"line":43},"3":{"loc":{"start":{"line":46,"column":10},"end":{"line":54,"column":4}},"type":"if","locations":[{"start":{"line":46,"column":10},"end":{"line":54,"column":4}},{"start":{"line":46,"column":10},"end":{"line":54,"column":4}}],"line":46},"4":{"loc":{"start":{"line":49,"column":10},"end":{"line":54,"column":4}},"type":"if","locations":[{"start":{"line":49,"column":10},"end":{"line":54,"column":4}},{"start":{"line":49,"column":10},"end":{"line":54,"column":4}}],"line":49},"5":{"loc":{"start":{"line":57,"column":17},"end":{"line":57,"column":60}},"type":"binary-expr","locations":[{"start":{"line":57,"column":17},"end":{"line":57,"column":52}},{"start":{"line":57,"column":56},"end":{"line":57,"column":60}}],"line":57},"6":{"loc":{"start":{"line":73,"column":3},"end":{"line":136,"column":4}},"type":"if","locations":[{"start":{"line":73,"column":3},"end":{"line":136,"column":4}},{"start":{"line":73,"column":3},"end":{"line":136,"column":4}}],"line":73},"7":{"loc":{"start":{"line":73,"column":7},"end":{"line":73,"column":47}},"type":"binary-expr","locations":[{"start":{"line":73,"column":7},"end":{"line":73,"column":21}},{"start":{"line":73,"column":25},"end":{"line":73,"column":47}}],"line":73},"8":{"loc":{"start":{"line":78,"column":10},"end":{"line":136,"column":4}},"type":"if","locations":[{"start":{"line":78,"column":10},"end":{"line":136,"column":4}},{"start":{"line":78,"column":10},"end":{"line":136,"column":4}}],"line":78},"9":{"loc":{"start":{"line":78,"column":14},"end":{"line":78,"column":54}},"type":"binary-expr","locations":[{"start":{"line":78,"column":14},"end":{"line":78,"column":28}},{"start":{"line":78,"column":32},"end":{"line":78,"column":54}}],"line":78},"10":{"loc":{"start":{"line":82,"column":10},"end":{"line":136,"column":4}},"type":"if","locations":[{"start":{"line":82,"column":10},"end":{"line":136,"column":4}},{"start":{"line":82,"column":10},"end":{"line":136,"column":4}}],"line":82},"11":{"loc":{"start":{"line":85,"column":10},"end":{"line":136,"column":4}},"type":"if","locations":[{"start":{"line":85,"column":10},"end":{"line":136,"column":4}},{"start":{"line":85,"column":10},"end":{"line":136,"column":4}}],"line":85},"12":{"loc":{"start":{"line":88,"column":10},"end":{"line":136,"column":4}},"type":"if","locations":[{"start":{"line":88,"column":10},"end":{"line":136,"column":4}},{"start":{"line":88,"column":10},"end":{"line":136,"column":4}}],"line":88},"13":{"loc":{"start":{"line":88,"column":14},"end":{"line":88,"column":70}},"type":"binary-expr","locations":[{"start":{"line":88,"column":14},"end":{"line":88,"column":32}},{"start":{"line":88,"column":36},"end":{"line":88,"column":70}}],"line":88},"14":{"loc":{"start":{"line":93,"column":12},"end":{"line":93,"column":53}},"type":"binary-expr","locations":[{"start":{"line":93,"column":12},"end":{"line":93,"column":16}},{"start":{"line":93,"column":20},"end":{"line":93,"column":26}},{"start":{"line":93,"column":30},"end":{"line":93,"column":53}}],"line":93},"15":{"loc":{"start":{"line":96,"column":12},"end":{"line":96,"column":42}},"type":"binary-expr","locations":[{"start":{"line":96,"column":12},"end":{"line":96,"column":16}},{"start":{"line":96,"column":20},"end":{"line":96,"column":42}}],"line":96},"16":{"loc":{"start":{"line":103,"column":4},"end":{"line":112,"column":5}},"type":"if","locations":[{"start":{"line":103,"column":4},"end":{"line":112,"column":5}},{"start":{"line":103,"column":4},"end":{"line":112,"column":5}}],"line":103},"17":{"loc":{"start":{"line":107,"column":6},"end":{"line":107,"column":71}},"type":"if","locations":[{"start":{"line":107,"column":6},"end":{"line":107,"column":71}},{"start":{"line":107,"column":6},"end":{"line":107,"column":71}}],"line":107},"18":{"loc":{"start":{"line":107,"column":10},"end":{"line":107,"column":60}},"type":"binary-expr","locations":[{"start":{"line":107,"column":10},"end":{"line":107,"column":37}},{"start":{"line":107,"column":39},"end":{"line":107,"column":60}}],"line":107},"19":{"loc":{"start":{"line":114,"column":4},"end":{"line":132,"column":5}},"type":"if","locations":[{"start":{"line":114,"column":4},"end":{"line":132,"column":5}},{"start":{"line":114,"column":4},"end":{"line":132,"column":5}}],"line":114},"20":{"loc":{"start":{"line":114,"column":8},"end":{"line":114,"column":57}},"type":"binary-expr","locations":[{"start":{"line":114,"column":8},"end":{"line":114,"column":31}},{"start":{"line":114,"column":35},"end":{"line":114,"column":57}}],"line":114},"21":{"loc":{"start":{"line":117,"column":36},"end":{"line":117,"column":79}},"type":"cond-expr","locations":[{"start":{"line":117,"column":61},"end":{"line":117,"column":74}},{"start":{"line":117,"column":77},"end":{"line":117,"column":79}}],"line":117},"22":{"loc":{"start":{"line":118,"column":11},"end":{"line":132,"column":5}},"type":"if","locations":[{"start":{"line":118,"column":11},"end":{"line":132,"column":5}},{"start":{"line":118,"column":11},"end":{"line":132,"column":5}}],"line":118},"23":{"loc":{"start":{"line":118,"column":15},"end":{"line":118,"column":65}},"type":"binary-expr","locations":[{"start":{"line":118,"column":15},"end":{"line":118,"column":39}},{"start":{"line":118,"column":43},"end":{"line":118,"column":65}}],"line":118},"24":{"loc":{"start":{"line":119,"column":5},"end":{"line":125,"column":6}},"type":"if","locations":[{"start":{"line":119,"column":5},"end":{"line":125,"column":6}},{"start":{"line":119,"column":5},"end":{"line":125,"column":6}}],"line":119},"25":{"loc":{"start":{"line":126,"column":11},"end":{"line":132,"column":5}},"type":"if","locations":[{"start":{"line":126,"column":11},"end":{"line":132,"column":5}},{"start":{"line":126,"column":11},"end":{"line":132,"column":5}}],"line":126},"26":{"loc":{"start":{"line":126,"column":15},"end":{"line":126,"column":65}},"type":"binary-expr","locations":[{"start":{"line":126,"column":15},"end":{"line":126,"column":38}},{"start":{"line":126,"column":42},"end":{"line":126,"column":65}}],"line":126},"27":{"loc":{"start":{"line":129,"column":11},"end":{"line":132,"column":5}},"type":"if","locations":[{"start":{"line":129,"column":11},"end":{"line":132,"column":5}},{"start":{"line":129,"column":11},"end":{"line":132,"column":5}}],"line":129},"28":{"loc":{"start":{"line":129,"column":15},"end":{"line":129,"column":66}},"type":"binary-expr","locations":[{"start":{"line":129,"column":15},"end":{"line":129,"column":39}},{"start":{"line":129,"column":43},"end":{"line":129,"column":66}}],"line":129},"29":{"loc":{"start":{"line":135,"column":36},"end":{"line":135,"column":66}},"type":"binary-expr","locations":[{"start":{"line":135,"column":36},"end":{"line":135,"column":50}},{"start":{"line":135,"column":54},"end":{"line":135,"column":66}}],"line":135}},"s":{"0":0,"1":0,"2":0,"3":0,"4":0,"5":0,"6":0,"7":0,"8":0,"9":0,"10":0,"11":0,"12":0,"13":0,"14":0,"15":0,"16":0,"17":0,"18":0,"19":0,"20":0,"21":0,"22":0,"23":0,"24":0,"25":0,"26":0,"27":0,"28":0,"29":0,"30":0,"31":0,"32":0,"33":0,"34":0,"35":0,"36":0,"37":0,"38":0,"39":0,"40":0,"41":0,"42":0,"43":0,"44":0,"45":0,"46":0,"47":0,"48":0,"49":0,"50":0,"51":0,"52":0,"53":0,"54":0,"55":0,"56":0,"57":0,"58":0,"59":0,"60":0,"61":0,"62":0,"63":0,"64":0,"65":0,"66":0,"67":0,"68":0,"69":0,"70":0,"71":0,"72":0,"73":0,"74":0,"75":0,"76":0,"77":0},"f":{"0":0,"1":0,"2":0,"3":0,"4":0,"5":0,"6":0},"b":{"0":[0,0],"1":[0,0,0,0,0,0],"2":[0,0],"3":[0,0],"4":[0,0],"5":[0,0],"6":[0,0],"7":[0,0],"8":[0,0],"9":[0,0],"10":[0,0],"11":[0,0],"12":[0,0],"13":[0,0],"14":[0,0,0],"15":[0,0],"16":[0,0],"17":[0,0],"18":[0,0],"19":[0,0],"20":[0,0],"21":[0,0],"22":[0,0],"23":[0,0],"24":[0,0],"25":[0,0],"26":[0,0],"27":[0,0],"28":[0,0],"29":[0,0]},"all":true},"/home/wollac/dev/web/BITCORN-Hub/_bot/src/commands/tipcorn.js":{"path":"/home/wollac/dev/web/BITCORN-Hub/_bot/src/commands/tipcorn.js","statementMap":{"0":{"start":{"line":7,"column":14},"end":{"line":7,"column":35}},"1":{"start":{"line":8,"column":13},"end":{"line":8,"column":28}},"2":{"start":{"line":10,"column":13},"end":{"line":10,"column":43}},"3":{"start":{"line":11,"column":23},"end":{"line":11,"column":64}},"4":{"start":{"line":13,"column":20},"end":{"line":13,"column":60}},"5":{"start":{"line":14,"column":20},"end":{"line":14,"column":52}},"6":{"start":{"line":15,"column":21},"end":{"line":15,"column":53}},"7":{"start":{"line":16,"column":21},"end":{"line":16,"column":54}},"8":{"start":{"line":18,"column":22},"end":{"line":18,"column":61}},"9":{"start":{"line":20,"column":0},"end":{"line":78,"column":2}},"10":{"start":{"line":33,"column":16},"end":{"line":33,"column":21}},"11":{"start":{"line":34,"column":16},"end":{"line":34,"column":32}},"12":{"start":{"line":35,"column":19},"end":{"line":35,"column":35}},"13":{"start":{"line":37,"column":25},"end":{"line":37,"column":61}},"14":{"start":{"line":38,"column":17},"end":{"line":38,"column":57}},"15":{"start":{"line":40,"column":2},"end":{"line":75,"column":3}},"16":{"start":{"line":41,"column":3},"end":{"line":41,"column":76}},"17":{"start":{"line":42,"column":9},"end":{"line":75,"column":3}},"18":{"start":{"line":46,"column":3},"end":{"line":54,"column":4}},"19":{"start":{"line":47,"column":4},"end":{"line":47,"column":19}},"20":{"start":{"line":48,"column":4},"end":{"line":48,"column":165}},"21":{"start":{"line":49,"column":10},"end":{"line":54,"column":4}},"22":{"start":{"line":50,"column":4},"end":{"line":50,"column":19}},"23":{"start":{"line":51,"column":4},"end":{"line":51,"column":107}},"24":{"start":{"line":53,"column":4},"end":{"line":53,"column":30}},"25":{"start":{"line":57,"column":16},"end":{"line":57,"column":116}},"26":{"start":{"line":57,"column":105},"end":{"line":57,"column":115}},"27":{"start":{"line":59,"column":3},"end":{"line":74,"column":4}},"28":{"start":{"line":60,"column":4},"end":{"line":60,"column":19}},"29":{"start":{"line":61,"column":4},"end":{"line":61,"column":104}},"30":{"start":{"line":63,"column":17},"end":{"line":69,"column":5}},"31":{"start":{"line":71,"column":19},"end":{"line":71,"column":76}},"32":{"start":{"line":73,"column":4},"end":{"line":73,"column":115}},"33":{"start":{"line":76,"column":2},"end":{"line":76,"column":95}}},"fnMap":{"0":{"name":"(anonymous_0)","decl":{"start":{"line":31,"column":1},"end":{"line":31,"column":2}},"loc":{"start":{"line":31,"column":22},"end":{"line":77,"column":2}},"line":31},"1":{"name":"(anonymous_1)","decl":{"start":{"line":57,"column":98},"end":{"line":57,"column":99}},"loc":{"start":{"line":57,"column":105},"end":{"line":57,"column":115}},"line":57}},"branchMap":{"0":{"loc":{"start":{"line":40,"column":2},"end":{"line":75,"column":3}},"type":"if","locations":[{"start":{"line":40,"column":2},"end":{"line":75,"column":3}},{"start":{"line":40,"column":2},"end":{"line":75,"column":3}}],"line":40},"1":{"loc":{"start":{"line":42,"column":9},"end":{"line":75,"column":3}},"type":"if","locations":[{"start":{"line":42,"column":9},"end":{"line":75,"column":3}},{"start":{"line":42,"column":9},"end":{"line":75,"column":3}}],"line":42},"2":{"loc":{"start":{"line":42,"column":13},"end":{"line":44,"column":42}},"type":"binary-expr","locations":[{"start":{"line":42,"column":13},"end":{"line":42,"column":51}},{"start":{"line":43,"column":3},"end":{"line":43,"column":45}},{"start":{"line":44,"column":3},"end":{"line":44,"column":42}}],"line":42},"3":{"loc":{"start":{"line":46,"column":3},"end":{"line":54,"column":4}},"type":"if","locations":[{"start":{"line":46,"column":3},"end":{"line":54,"column":4}},{"start":{"line":46,"column":3},"end":{"line":54,"column":4}}],"line":46},"4":{"loc":{"start":{"line":49,"column":10},"end":{"line":54,"column":4}},"type":"if","locations":[{"start":{"line":49,"column":10},"end":{"line":54,"column":4}},{"start":{"line":49,"column":10},"end":{"line":54,"column":4}}],"line":49},"5":{"loc":{"start":{"line":59,"column":3},"end":{"line":74,"column":4}},"type":"if","locations":[{"start":{"line":59,"column":3},"end":{"line":74,"column":4}},{"start":{"line":59,"column":3},"end":{"line":74,"column":4}}],"line":59},"6":{"loc":{"start":{"line":59,"column":7},"end":{"line":59,"column":34}},"type":"binary-expr","locations":[{"start":{"line":59,"column":7},"end":{"line":59,"column":20}},{"start":{"line":59,"column":24},"end":{"line":59,"column":34}}],"line":59}},"s":{"0":0,"1":0,"2":0,"3":0,"4":0,"5":0,"6":0,"7":0,"8":0,"9":0,"10":0,"11":0,"12":0,"13":0,"14":0,"15":0,"16":0,"17":0,"18":0,"19":0,"20":0,"21":0,"22":0,"23":0,"24":0,"25":0,"26":0,"27":0,"28":0,"29":0,"30":0,"31":0,"32":0,"33":0},"f":{"0":0,"1":0},"b":{"0":[0,0],"1":[0,0],"2":[0,0,0],"3":[0,0],"4":[0,0],"5":[0,0],"6":[0,0]},"all":true},"/home/wollac/dev/web/BITCORN-Hub/_bot/src/commands/withdraw.js":{"path":"/home/wollac/dev/web/BITCORN-Hub/_bot/src/commands/withdraw.js","statementMap":{"0":{"start":{"line":6,"column":13},"end":{"line":6,"column":28}},"1":{"start":{"line":8,"column":20},"end":{"line":8,"column":60}},"2":{"start":{"line":9,"column":20},"end":{"line":9,"column":52}},"3":{"start":{"line":10,"column":21},"end":{"line":10,"column":53}},"4":{"start":{"line":12,"column":0},"end":{"line":77,"column":2}},"5":{"start":{"line":25,"column":16},"end":{"line":25,"column":21}},"6":{"start":{"line":26,"column":16},"end":{"line":26,"column":32}},"7":{"start":{"line":27,"column":19},"end":{"line":27,"column":35}},"8":{"start":{"line":29,"column":17},"end":{"line":29,"column":57}},"9":{"start":{"line":31,"column":19},"end":{"line":31,"column":39}},"10":{"start":{"line":32,"column":2},"end":{"line":74,"column":3}},"11":{"start":{"line":36,"column":3},"end":{"line":36,"column":29}},"12":{"start":{"line":38,"column":16},"end":{"line":43,"column":4}},"13":{"start":{"line":45,"column":18},"end":{"line":45,"column":76}},"14":{"start":{"line":47,"column":3},"end":{"line":73,"column":4}},"15":{"start":{"line":49,"column":4},"end":{"line":49,"column":66}},"16":{"start":{"line":50,"column":10},"end":{"line":73,"column":4}},"17":{"start":{"line":51,"column":4},"end":{"line":51,"column":56}},"18":{"start":{"line":52,"column":10},"end":{"line":73,"column":4}},"19":{"start":{"line":53,"column":4},"end":{"line":53,"column":66}},"20":{"start":{"line":54,"column":10},"end":{"line":73,"column":4}},"21":{"start":{"line":55,"column":4},"end":{"line":55,"column":129}},"22":{"start":{"line":56,"column":4},"end":{"line":56,"column":19}},"23":{"start":{"line":58,"column":4},"end":{"line":72,"column":5}},"24":{"start":{"line":59,"column":5},"end":{"line":59,"column":20}},"25":{"start":{"line":60,"column":5},"end":{"line":60,"column":48}},"26":{"start":{"line":61,"column":11},"end":{"line":72,"column":5}},"27":{"start":{"line":62,"column":5},"end":{"line":62,"column":20}},"28":{"start":{"line":63,"column":5},"end":{"line":63,"column":41}},"29":{"start":{"line":64,"column":11},"end":{"line":72,"column":5}},"30":{"start":{"line":65,"column":5},"end":{"line":65,"column":20}},"31":{"start":{"line":66,"column":5},"end":{"line":66,"column":167}},"32":{"start":{"line":67,"column":11},"end":{"line":72,"column":5}},"33":{"start":{"line":68,"column":5},"end":{"line":68,"column":20}},"34":{"start":{"line":69,"column":5},"end":{"line":69,"column":60}},"35":{"start":{"line":71,"column":5},"end":{"line":71,"column":124}},"36":{"start":{"line":75,"column":2},"end":{"line":75,"column":95}}},"fnMap":{"0":{"name":"(anonymous_0)","decl":{"start":{"line":23,"column":1},"end":{"line":23,"column":2}},"loc":{"start":{"line":23,"column":22},"end":{"line":76,"column":2}},"line":23}},"branchMap":{"0":{"loc":{"start":{"line":32,"column":2},"end":{"line":74,"column":3}},"type":"if","locations":[{"start":{"line":32,"column":2},"end":{"line":74,"column":3}},{"start":{"line":32,"column":2},"end":{"line":74,"column":3}}],"line":32},"1":{"loc":{"start":{"line":32,"column":6},"end":{"line":34,"column":42}},"type":"binary-expr","locations":[{"start":{"line":32,"column":6},"end":{"line":32,"column":44}},{"start":{"line":33,"column":3},"end":{"line":33,"column":14}},{"start":{"line":34,"column":3},"end":{"line":34,"column":42}}],"line":32},"2":{"loc":{"start":{"line":47,"column":3},"end":{"line":73,"column":4}},"type":"if","locations":[{"start":{"line":47,"column":3},"end":{"line":73,"column":4}},{"start":{"line":47,"column":3},"end":{"line":73,"column":4}}],"line":47},"3":{"loc":{"start":{"line":47,"column":7},"end":{"line":47,"column":45}},"type":"binary-expr","locations":[{"start":{"line":47,"column":7},"end":{"line":47,"column":20}},{"start":{"line":47,"column":24},"end":{"line":47,"column":45}}],"line":47},"4":{"loc":{"start":{"line":50,"column":10},"end":{"line":73,"column":4}},"type":"if","locations":[{"start":{"line":50,"column":10},"end":{"line":73,"column":4}},{"start":{"line":50,"column":10},"end":{"line":73,"column":4}}],"line":50},"5":{"loc":{"start":{"line":50,"column":14},"end":{"line":50,"column":52}},"type":"binary-expr","locations":[{"start":{"line":50,"column":14},"end":{"line":50,"column":27}},{"start":{"line":50,"column":31},"end":{"line":50,"column":52}}],"line":50},"6":{"loc":{"start":{"line":52,"column":10},"end":{"line":73,"column":4}},"type":"if","locations":[{"start":{"line":52,"column":10},"end":{"line":73,"column":4}},{"start":{"line":52,"column":10},"end":{"line":73,"column":4}}],"line":52},"7":{"loc":{"start":{"line":54,"column":10},"end":{"line":73,"column":4}},"type":"if","locations":[{"start":{"line":54,"column":10},"end":{"line":73,"column":4}},{"start":{"line":54,"column":10},"end":{"line":73,"column":4}}],"line":54},"8":{"loc":{"start":{"line":58,"column":4},"end":{"line":72,"column":5}},"type":"if","locations":[{"start":{"line":58,"column":4},"end":{"line":72,"column":5}},{"start":{"line":58,"column":4},"end":{"line":72,"column":5}}],"line":58},"9":{"loc":{"start":{"line":61,"column":11},"end":{"line":72,"column":5}},"type":"if","locations":[{"start":{"line":61,"column":11},"end":{"line":72,"column":5}},{"start":{"line":61,"column":11},"end":{"line":72,"column":5}}],"line":61},"10":{"loc":{"start":{"line":64,"column":11},"end":{"line":72,"column":5}},"type":"if","locations":[{"start":{"line":64,"column":11},"end":{"line":72,"column":5}},{"start":{"line":64,"column":11},"end":{"line":72,"column":5}}],"line":64},"11":{"loc":{"start":{"line":67,"column":11},"end":{"line":72,"column":5}},"type":"if","locations":[{"start":{"line":67,"column":11},"end":{"line":72,"column":5}},{"start":{"line":67,"column":11},"end":{"line":72,"column":5}}],"line":67},"12":{"loc":{"start":{"line":71,"column":37},"end":{"line":71,"column":67}},"type":"binary-expr","locations":[{"start":{"line":71,"column":37},"end":{"line":71,"column":51}},{"start":{"line":71,"column":55},"end":{"line":71,"column":67}}],"line":71}},"s":{"0":0,"1":0,"2":0,"3":0,"4":0,"5":0,"6":0,"7":0,"8":0,"9":0,"10":0,"11":0,"12":0,"13":0,"14":0,"15":0,"16":0,"17":0,"18":0,"19":0,"20":0,"21":0,"22":0,"23":0,"24":0,"25":0,"26":0,"27":0,"28":0,"29":0,"30":0,"31":0,"32":0,"33":0,"34":0,"35":0,"36":0},"f":{"0":0},"b":{"0":[0,0],"1":[0,0,0],"2":[0,0],"3":[0,0],"4":[0,0],"5":[0,0],"6":[0,0],"7":[0,0],"8":[0,0],"9":[0,0],"10":[0,0],"11":[0,0],"12":[0,0]},"all":true},"/home/wollac/dev/web/BITCORN-Hub/_bot/src/messenger.js":{"path":"/home/wollac/dev/web/BITCORN-Hub/_bot/src/messenger.js","statementMap":{"0":{"start":{"line":2,"column":14},"end":{"line":2,"column":35}},"1":{"start":{"line":4,"column":23},"end":{"line":4,"column":61}},"2":{"start":{"line":5,"column":13},"end":{"line":5,"column":40}},"3":{"start":{"line":6,"column":14},"end":{"line":6,"column":38}},"4":{"start":{"line":7,"column":21},"end":{"line":7,"column":52}},"5":{"start":{"line":10,"column":1},"end":{"line":10,"column":26}},"6":{"start":{"line":11,"column":1},"end":{"line":11,"column":21}},"7":{"start":{"line":12,"column":1},"end":{"line":12,"column":19}},"8":{"start":{"line":13,"column":1},"end":{"line":13,"column":20}},"9":{"start":{"line":15,"column":1},"end":{"line":15,"column":54}},"10":{"start":{"line":15,"column":27},"end":{"line":15,"column":52}},"11":{"start":{"line":16,"column":1},"end":{"line":16,"column":54}},"12":{"start":{"line":16,"column":27},"end":{"line":16,"column":52}},"13":{"start":{"line":17,"column":1},"end":{"line":17,"column":68}},"14":{"start":{"line":17,"column":34},"end":{"line":17,"column":66}},"15":{"start":{"line":18,"column":1},"end":{"line":18,"column":60}},"16":{"start":{"line":18,"column":30},"end":{"line":18,"column":58}},"17":{"start":{"line":21,"column":26},"end":{"line":21,"column":28}},"18":{"start":{"line":23,"column":18},"end":{"line":23,"column":30}},"19":{"start":{"line":24,"column":21},"end":{"line":24,"column":33}},"20":{"start":{"line":26,"column":20},"end":{"line":26,"column":32}},"21":{"start":{"line":29,"column":1},"end":{"line":29,"column":56}},"22":{"start":{"line":34,"column":1},"end":{"line":34,"column":55}},"23":{"start":{"line":34,"column":30},"end":{"line":34,"column":53}},"24":{"start":{"line":36,"column":15},"end":{"line":36,"column":20}},"25":{"start":{"line":37,"column":13},"end":{"line":37,"column":17}},"26":{"start":{"line":39,"column":15},"end":{"line":39,"column":26}},"27":{"start":{"line":48,"column":1},"end":{"line":48,"column":86}},"28":{"start":{"line":48,"column":25},"end":{"line":48,"column":86}},"29":{"start":{"line":50,"column":1},"end":{"line":50,"column":115}},"30":{"start":{"line":50,"column":28},"end":{"line":50,"column":115}},"31":{"start":{"line":52,"column":1},"end":{"line":52,"column":21}},"32":{"start":{"line":54,"column":14},"end":{"line":54,"column":26}},"33":{"start":{"line":56,"column":14},"end":{"line":56,"column":38}},"34":{"start":{"line":57,"column":1},"end":{"line":65,"column":2}},"35":{"start":{"line":59,"column":2},"end":{"line":59,"column":87}},"36":{"start":{"line":61,"column":2},"end":{"line":61,"column":18}},"37":{"start":{"line":62,"column":2},"end":{"line":62,"column":17}},"38":{"start":{"line":64,"column":2},"end":{"line":64,"column":14}},"39":{"start":{"line":67,"column":1},"end":{"line":67,"column":80}},"40":{"start":{"line":67,"column":30},"end":{"line":67,"column":78}},"41":{"start":{"line":69,"column":1},"end":{"line":69,"column":22}},"42":{"start":{"line":70,"column":1},"end":{"line":74,"column":2}},"43":{"start":{"line":71,"column":2},"end":{"line":71,"column":19}},"44":{"start":{"line":73,"column":2},"end":{"line":73,"column":21}},"45":{"start":{"line":75,"column":18},"end":{"line":75,"column":132}},"46":{"start":{"line":77,"column":1},"end":{"line":80,"column":2}},"47":{"start":{"line":78,"column":2},"end":{"line":78,"column":18}},"48":{"start":{"line":79,"column":2},"end":{"line":79,"column":99}},"49":{"start":{"line":85,"column":1},"end":{"line":85,"column":27}},"50":{"start":{"line":87,"column":1},"end":{"line":87,"column":56}},"51":{"start":{"line":92,"column":23},"end":{"line":92,"column":61}},"52":{"start":{"line":93,"column":21},"end":{"line":93,"column":60}},"53":{"start":{"line":95,"column":20},"end":{"line":95,"column":24}},"54":{"start":{"line":96,"column":18},"end":{"line":96,"column":133}},"55":{"start":{"line":96,"column":122},"end":{"line":96,"column":132}},"56":{"start":{"line":97,"column":16},"end":{"line":97,"column":116}},"57":{"start":{"line":97,"column":105},"end":{"line":97,"column":115}},"58":{"start":{"line":99,"column":14},"end":{"line":105,"column":2}},"59":{"start":{"line":107,"column":16},"end":{"line":107,"column":70}},"60":{"start":{"line":108,"column":30},"end":{"line":108,"column":107}},"61":{"start":{"line":110,"column":1},"end":{"line":113,"column":2}},"62":{"start":{"line":111,"column":2},"end":{"line":111,"column":64}},"63":{"start":{"line":112,"column":2},"end":{"line":112,"column":57}},"64":{"start":{"line":114,"column":1},"end":{"line":114,"column":62}},"65":{"start":{"line":123,"column":1},"end":{"line":133,"column":2}},"66":{"start":{"line":124,"column":2},"end":{"line":124,"column":41}},"67":{"start":{"line":125,"column":8},"end":{"line":133,"column":2}},"68":{"start":{"line":126,"column":2},"end":{"line":130,"column":3}},"69":{"start":{"line":127,"column":3},"end":{"line":127,"column":45}},"70":{"start":{"line":129,"column":3},"end":{"line":129,"column":69}},"71":{"start":{"line":132,"column":2},"end":{"line":132,"column":50}},"72":{"start":{"line":138,"column":1},"end":{"line":138,"column":55}},"73":{"start":{"line":138,"column":30},"end":{"line":138,"column":53}},"74":{"start":{"line":140,"column":15},"end":{"line":140,"column":20}},"75":{"start":{"line":141,"column":13},"end":{"line":141,"column":17}},"76":{"start":{"line":143,"column":15},"end":{"line":143,"column":72}},"77":{"start":{"line":153,"column":1},"end":{"line":153,"column":86}},"78":{"start":{"line":153,"column":25},"end":{"line":153,"column":86}},"79":{"start":{"line":155,"column":1},"end":{"line":155,"column":115}},"80":{"start":{"line":155,"column":28},"end":{"line":155,"column":115}},"81":{"start":{"line":157,"column":1},"end":{"line":157,"column":21}},"82":{"start":{"line":159,"column":14},"end":{"line":159,"column":26}},"83":{"start":{"line":161,"column":14},"end":{"line":161,"column":25}},"84":{"start":{"line":162,"column":1},"end":{"line":180,"column":2}},"85":{"start":{"line":163,"column":2},"end":{"line":175,"column":3}},"86":{"start":{"line":164,"column":3},"end":{"line":167,"column":7}},"87":{"start":{"line":166,"column":5},"end":{"line":166,"column":76}},"88":{"start":{"line":168,"column":9},"end":{"line":175,"column":3}},"89":{"start":{"line":169,"column":3},"end":{"line":172,"column":7}},"90":{"start":{"line":171,"column":5},"end":{"line":171,"column":76}},"91":{"start":{"line":174,"column":3},"end":{"line":174,"column":77}},"92":{"start":{"line":176,"column":2},"end":{"line":176,"column":18}},"93":{"start":{"line":177,"column":2},"end":{"line":177,"column":17}},"94":{"start":{"line":179,"column":2},"end":{"line":179,"column":14}},"95":{"start":{"line":182,"column":1},"end":{"line":182,"column":80}},"96":{"start":{"line":182,"column":30},"end":{"line":182,"column":78}},"97":{"start":{"line":184,"column":1},"end":{"line":184,"column":22}},"98":{"start":{"line":185,"column":1},"end":{"line":192,"column":2}},"99":{"start":{"line":186,"column":2},"end":{"line":186,"column":19}},"100":{"start":{"line":187,"column":2},"end":{"line":189,"column":3}},"101":{"start":{"line":188,"column":3},"end":{"line":188,"column":19}},"102":{"start":{"line":191,"column":2},"end":{"line":191,"column":21}},"103":{"start":{"line":193,"column":18},"end":{"line":193,"column":127}},"104":{"start":{"line":195,"column":1},"end":{"line":198,"column":2}},"105":{"start":{"line":196,"column":2},"end":{"line":196,"column":18}},"106":{"start":{"line":197,"column":2},"end":{"line":197,"column":99}},"107":{"start":{"line":203,"column":1},"end":{"line":203,"column":38}},"108":{"start":{"line":205,"column":1},"end":{"line":205,"column":56}},"109":{"start":{"line":208,"column":0},"end":{"line":218,"column":2}}},"fnMap":{"0":{"name":"_Queue","decl":{"start":{"line":9,"column":9},"end":{"line":9,"column":15}},"loc":{"start":{"line":9,"column":18},"end":{"line":19,"column":1}},"line":9},"1":{"name":"(anonymous_1)","decl":{"start":{"line":15,"column":13},"end":{"line":15,"column":14}},"loc":{"start":{"line":15,"column":25},"end":{"line":15,"column":54}},"line":15},"2":{"name":"(anonymous_2)","decl":{"start":{"line":16,"column":13},"end":{"line":16,"column":14}},"loc":{"start":{"line":16,"column":25},"end":{"line":16,"column":54}},"line":16},"3":{"name":"(anonymous_3)","decl":{"start":{"line":17,"column":16},"end":{"line":17,"column":17}},"loc":{"start":{"line":17,"column":32},"end":{"line":17,"column":68}},"line":17},"4":{"name":"(anonymous_4)","decl":{"start":{"line":18,"column":16},"end":{"line":18,"column":17}},"loc":{"start":{"line":18,"column":28},"end":{"line":18,"column":60}},"line":18},"5":{"name":"enqueueReward","decl":{"start":{"line":28,"column":9},"end":{"line":28,"column":22}},"loc":{"start":{"line":28,"column":56},"end":{"line":30,"column":1}},"line":28},"6":{"name":"sendQueuedRewards","decl":{"start":{"line":32,"column":15},"end":{"line":32,"column":32}},"loc":{"start":{"line":32,"column":35},"end":{"line":88,"column":1}},"line":32},"7":{"name":"(anonymous_7)","decl":{"start":{"line":34,"column":19},"end":{"line":34,"column":20}},"loc":{"start":{"line":34,"column":30},"end":{"line":34,"column":53}},"line":34},"8":{"name":"(anonymous_8)","decl":{"start":{"line":67,"column":19},"end":{"line":67,"column":20}},"loc":{"start":{"line":67,"column":30},"end":{"line":67,"column":78}},"line":67},"9":{"name":"handleTipRewards","decl":{"start":{"line":90,"column":15},"end":{"line":90,"column":31}},"loc":{"start":{"line":90,"column":65},"end":{"line":115,"column":1}},"line":90},"10":{"name":"(anonymous_10)","decl":{"start":{"line":96,"column":115},"end":{"line":96,"column":116}},"loc":{"start":{"line":96,"column":122},"end":{"line":96,"column":132}},"line":96},"11":{"name":"(anonymous_11)","decl":{"start":{"line":97,"column":98},"end":{"line":97,"column":99}},"loc":{"start":{"line":97,"column":105},"end":{"line":97,"column":115}},"line":97},"12":{"name":"enqueueMessageByType","decl":{"start":{"line":122,"column":9},"end":{"line":122,"column":29}},"loc":{"start":{"line":122
[...]
{"start":{"line":62,"column":8},"end":{"line":67,"column":9}},"type":"if","locations":[{"start":{"line":62,"column":8},"end":{"line":67,"column":9}},{"start":{"line":62,"column":8},"end":{"line":67,"column":9}}],"line":62},"11":{"loc":{"start":{"line":65,"column":31},"end":{"line":65,"column":114}},"type":"cond-expr","locations":[{"start":{"line":65,"column":58},"end":{"line":65,"column":82}},{"start":{"line":65,"column":85},"end":{"line":65,"column":114}}],"line":65},"12":{"loc":{"start":{"line":72,"column":4},"end":{"line":75,"column":5}},"type":"if","locations":[{"start":{"line":72,"column":4},"end":{"line":75,"column":5}},{"start":{"line":72,"column":4},"end":{"line":75,"column":5}}],"line":72},"13":{"loc":{"start":{"line":76,"column":4},"end":{"line":78,"column":5}},"type":"if","locations":[{"start":{"line":76,"column":4},"end":{"line":78,"column":5}},{"start":{"line":76,"column":4},"end":{"line":78,"column":5}}],"line":76},"14":{"loc":{"start":{"line":85,"column":25},"end":{"line":85,"column":103}},"type":"binary-expr","locations":[{"start":{"line":85,"column":25},"end":{"line":85,"column":59}},{"start":{"line":85,"column":63},"end":{"line":85,"column":103}}],"line":85},"15":{"loc":{"start":{"line":88,"column":8},"end":{"line":94,"column":9}},"type":"if","locations":[{"start":{"line":88,"column":8},"end":{"line":94,"column":9}},{"start":{"line":88,"column":8},"end":{"line":94,"column":9}}],"line":88},"16":{"loc":{"start":{"line":97,"column":8},"end":{"line":105,"column":9}},"type":"if","locations":[{"start":{"line":97,"column":8},"end":{"line":105,"column":9}},{"start":{"line":97,"column":8},"end":{"line":105,"column":9}}],"line":97},"17":{"loc":{"start":{"line":97,"column":12},"end":{"line":97,"column":92}},"type":"binary-expr","locations":[{"start":{"line":97,"column":12},"end":{"line":97,"column":31}},{"start":{"line":97,"column":35},"end":{"line":97,"column":59}},{"start":{"line":97,"column":63},"end":{"line":97,"column":92}}],"line":97},"18":{"loc":{"start":{"line":99,"column":12},"end":{"line":103,"column":13}},"type":"if","locations":[{"start":{"line":99,"column":12},"end":{"line":103,"column":13}},{"start":{"line":99,"column":12},"end":{"line":103,"column":13}}],"line":99},"19":{"loc":{"start":{"line":99,"column":16},"end":{"line":99,"column":62}},"type":"binary-expr","locations":[{"start":{"line":99,"column":16},"end":{"line":99,"column":35}},{"start":{"line":99,"column":39},"end":{"line":99,"column":62}}],"line":99},"20":{"loc":{"start":{"line":109,"column":8},"end":{"line":114,"column":9}},"type":"if","locations":[{"start":{"line":109,"column":8},"end":{"line":114,"column":9}},{"start":{"line":109,"column":8},"end":{"line":114,"column":9}}],"line":109},"21":{"loc":{"start":{"line":112,"column":31},"end":{"line":112,"column":93}},"type":"cond-expr","locations":[{"start":{"line":112,"column":51},"end":{"line":112,"column":68}},{"start":{"line":112,"column":71},"end":{"line":112,"column":93}}],"line":112},"22":{"loc":{"start":{"line":123,"column":4},"end":{"line":127,"column":5}},"type":"if","locations":[{"start":{"line":123,"column":4},"end":{"line":127,"column":5}},{"start":{"line":123,"column":4},"end":{"line":127,"column":5}}],"line":123},"23":{"loc":{"start":{"line":131,"column":4},"end":{"line":135,"column":5}},"type":"if","locations":[{"start":{"line":131,"column":4},"end":{"line":135,"column":5}},{"start":{"line":131,"column":4},"end":{"line":135,"column":5}}],"line":131}},"s":{"0":0,"1":0,"2":0,"3":0,"4":0,"5":0,"6":0,"7":0,"8":0,"9":0,"10":0,"11":0,"12":0,"13":0,"14":0,"15":0,"16":0,"17":0,"18":0,"19":0,"20":0,"21":0,"22":0,"23":0,"24":0,"25":0,"26":0,"27":0,"28":0,"29":0,"30":0,"31":0,"32":0,"33":0,"34":0,"35":0,"36":0,"37":0,"38":0,"39":0,"40":0,"41":0,"42":0,"43":0,"44":0,"45":0,"46":0,"47":0,"48":0,"49":0,"50":0,"51":0,"52":0,"53":0,"54":0,"55":0,"56":0,"57":0,"58":0,"59":0,"60":0,"61":0,"62":0,"63":0,"64":0,"65":0,"66":0,"67":0,"68":0,"69":0,"70":0,"71":0,"72":0,"73":0,"74":0,"75":0,"76":0,"77":0,"78":0},"f":{"0":0,"1":0,"2":0,"3":0,"4":0,"5":0,"6":0,"7":0,"8":0,"9":0,"10":0,"11":0,"12":0},"b":{"0":[0,0],"1":[0,0],"2":[0,0],"3":[0,0],"4":[0,0],"5":[0,0],"6":[0,0],"7":[0,0],"8":[0,0],"9":[0,0],"10":[0,0],"11":[0,0],"12":[0,0],"13":[0,0],"14":[0,0],"15":[0,0],"16":[0,0],"17":[0,0,0],"18":[0,0],"19":[0,0],"20":[0,0],"21":[0,0],"22":[0,0],"23":[0,0]},"all":true},"/home/wollac/dev/web/BITCORN-Hub/source/utils/error-logger.js":{"path":"/home/wollac/dev/web/BITCORN-Hub/source/utils/error-logger.js","statementMap":{"0":{"start":{"line":7,"column":20},"end":{"line":7,"column":67}},"1":{"start":{"line":11,"column":20},"end":{"line":11,"column":42}},"2":{"start":{"line":13,"column":21},"end":{"line":17,"column":5}},"3":{"start":{"line":19,"column":18},"end":{"line":19,"column":106}},"4":{"start":{"line":21,"column":4},"end":{"line":21,"column":28}},"5":{"start":{"line":22,"column":4},"end":{"line":22,"column":53}},"6":{"start":{"line":24,"column":4},"end":{"line":24,"column":16}},"7":{"start":{"line":29,"column":18},"end":{"line":29,"column":36}},"8":{"start":{"line":31,"column":4},"end":{"line":31,"column":35}},"9":{"start":{"line":32,"column":4},"end":{"line":32,"column":42}},"10":{"start":{"line":33,"column":1},"end":{"line":33,"column":35}},"11":{"start":{"line":35,"column":4},"end":{"line":35,"column":31}},"12":{"start":{"line":37,"column":29},"end":{"line":37,"column":72}},"13":{"start":{"line":39,"column":4},"end":{"line":39,"column":70}},"14":{"start":{"line":40,"column":4},"end":{"line":40,"column":30}},"15":{"start":{"line":41,"column":4},"end":{"line":41,"column":42}},"16":{"start":{"line":42,"column":4},"end":{"line":42,"column":17}},"17":{"start":{"line":57,"column":18},"end":{"line":64,"column":2}},"18":{"start":{"line":65,"column":4},"end":{"line":65,"column":50}},"19":{"start":{"line":68,"column":0},"end":{"line":72,"column":2}}},"fnMap":{"0":{"name":"asyncThrowAndLogError","decl":{"start":{"line":9,"column":15},"end":{"line":9,"column":36}},"loc":{"start":{"line":9,"column":49},"end":{"line":26,"column":1}},"line":9},"1":{"name":"asyncLogError","decl":{"start":{"line":28,"column":15},"end":{"line":28,"column":28}},"loc":{"start":{"line":28,"column":68},"end":{"line":43,"column":1}},"line":28},"2":{"name":"asyncErrorLogger","decl":{"start":{"line":56,"column":15},"end":{"line":56,"column":31}},"loc":{"start":{"line":56,"column":50},"end":{"line":66,"column":1}},"line":56}},"branchMap":{"0":{"loc":{"start":{"line":39,"column":23},"end":{"line":39,"column":69}},"type":"binary-expr","locations":[{"start":{"line":39,"column":23},"end":{"line":39,"column":42}},{"start":{"line":39,"column":46},"end":{"line":39,"column":69}}],"line":39}},"s":{"0":0,"1":0,"2":0,"3":0,"4":0,"5":0,"6":0,"7":0,"8":0,"9":0,"10":0,"11":0,"12":0,"13":0,"14":0,"15":0,"16":0,"17":0,"18":0,"19":0},"f":{"0":0,"1":0,"2":0},"b":{"0":[0,0]},"all":true},"/home/wollac/dev/web/BITCORN-Hub/source/utils/json-file.js":{"path":"/home/wollac/dev/web/BITCORN-Hub/source/utils/json-file.js","statementMap":{"0":{"start":{"line":7,"column":10},"end":{"line":7,"column":25}},"1":{"start":{"line":8,"column":11},"end":{"line":8,"column":24}},"2":{"start":{"line":11,"column":4},"end":{"line":11,"column":27}},"3":{"start":{"line":12,"column":4},"end":{"line":12,"column":21}},"4":{"start":{"line":13,"column":4},"end":{"line":22,"column":5}},"5":{"start":{"line":14,"column":8},"end":{"line":14,"column":25}},"6":{"start":{"line":16,"column":20},"end":{"line":16,"column":40}},"7":{"start":{"line":17,"column":8},"end":{"line":19,"column":9}},"8":{"start":{"line":18,"column":12},"end":{"line":18,"column":30}},"9":{"start":{"line":20,"column":8},"end":{"line":20,"column":34}},"10":{"start":{"line":21,"column":8},"end":{"line":21,"column":60}},"11":{"start":{"line":23,"column":4},"end":{"line":23,"column":16}},"12":{"start":{"line":26,"column":0},"end":{"line":30,"column":1}},"13":{"start":{"line":27,"column":17},"end":{"line":27,"column":51}},"14":{"start":{"line":28,"column":4},"end":{"line":28,"column":33}},"15":{"start":{"line":29,"column":4},"end":{"line":29,"column":21}},"16":{"start":{"line":32,"column":0},"end":{"line":42,"column":1}},"17":{"start":{"line":33,"column":17},"end":{"line":33,"column":37}},"18":{"start":{"line":34,"column":4},"end":{"line":41,"column":5}},"19":{"start":{"line":35,"column":8},"end":{"line":35,"column":50}},"20":{"start":{"line":36,"column":8},"end":{"line":36,"column":25}},"21":{"start":{"line":37,"column":8},"end":{"line":37,"column":37}},"22":{"start":{"line":39,"column":8},"end":{"line":39,"column":29}},"23":{"start":{"line":40,"column":8},"end":{"line":40,"column":39}},"24":{"start":{"line":44,"column":0},"end":{"line":44,"column":26}}},"fnMap":{"0":{"name":"JsonFile","decl":{"start":{"line":10,"column":9},"end":{"line":10,"column":17}},"loc":{"start":{"line":10,"column":30},"end":{"line":24,"column":1}},"line":10},"1":{"name":"(anonymous_1)","decl":{"start":{"line":26,"column":31},"end":{"line":26,"column":32}},"loc":{"start":{"line":26,"column":43},"end":{"line":30,"column":1}},"line":26},"2":{"name":"(anonymous_2)","decl":{"start":{"line":32,"column":31},"end":{"line":32,"column":32}},"loc":{"start":{"line":32,"column":47},"end":{"line":42,"column":1}},"line":32}},"branchMap":{"0":{"loc":{"start":{"line":11,"column":16},"end":{"line":11,"column":26}},"type":"binary-expr","locations":[{"start":{"line":11,"column":16},"end":{"line":11,"column":20}},{"start":{"line":11,"column":24},"end":{"line":11,"column":26}}],"line":11},"1":{"loc":{"start":{"line":13,"column":4},"end":{"line":22,"column":5}},"type":"if","locations":[{"start":{"line":13,"column":4},"end":{"line":22,"column":5}},{"start":{"line":13,"column":4},"end":{"line":22,"column":5}}],"line":13},"2":{"loc":{"start":{"line":17,"column":8},"end":{"line":19,"column":9}},"type":"if","locations":[{"start":{"line":17,"column":8},"end":{"line":19,"column":9}},{"start":{"line":17,"column":8},"end":{"line":19,"column":9}}],"line":17}},"s":{"0":0,"1":0,"2":0,"3":0,"4":0,"5":0,"6":0,"7":0,"8":0,"9":0,"10":0,"11":0,"12":0,"13":0,"14":0,"15":0,"16":0,"17":0,"18":0,"19":0,"20":0,"21":0,"22":0,"23":0,"24":0},"f":{"0":0,"1":0,"2":0},"b":{"0":[0,0],"1":[0,0],"2":[0,0]},"all":true},"/home/wollac/dev/web/BITCORN-Hub/source/utils/math.js":{"path":"/home/wollac/dev/web/BITCORN-Hub/source/utils/math.js","statementMap":{"0":{"start":{"line":9,"column":0},"end":{"line":11,"column":1}},"1":{"start":{"line":10,"column":4},"end":{"line":10,"column":55}},"2":{"start":{"line":13,"column":0},"end":{"line":15,"column":1}},"3":{"start":{"line":14,"column":4},"end":{"line":14,"column":33}},"4":{"start":{"line":17,"column":0},"end":{"line":17,"column":28}}},"fnMap":{"0":{"name":"Math","decl":{"start":{"line":7,"column":9},"end":{"line":7,"column":13}},"loc":{"start":{"line":7,"column":16},"end":{"line":7,"column":18}},"line":7},"1":{"name":"fixed8","decl":{"start":{"line":9,"column":32},"end":{"line":9,"column":38}},"loc":{"start":{"line":9,"column":57},"end":{"line":11,"column":1}},"line":9},"2":{"name":"fixed8","decl":{"start":{"line":13,"column":33},"end":{"line":13,"column":39}},"loc":{"start":{"line":13,"column":47},"end":{"line":15,"column":1}},"line":13}},"branchMap":{},"s":{"0":0,"1":0,"2":0,"3":0,"4":0},"f":{"0":0,"1":0,"2":0},"b":{},"all":true},"/home/wollac/dev/web/BITCORN-Hub/source/utils/pending.js":{"path":"/home/wollac/dev/web/BITCORN-Hub/source/utils/pending.js","statementMap":{"0":{"start":{"line":7,"column":11},"end":{"line":7,"column":24}},"1":{"start":{"line":12,"column":0},"end":{"line":14,"column":1}},"2":{"start":{"line":13,"column":4},"end":{"line":13,"column":45}},"3":{"start":{"line":16,"column":0},"end":{"line":21,"column":1}},"4":{"start":{"line":17,"column":20},"end":{"line":17,"column":101}},"5":{"start":{"line":18,"column":4},"end":{"line":18,"column":65}},"6":{"start":{"line":18,"column":28},"end":{"line":18,"column":65}},"7":{"start":{"line":19,"column":4},"end":{"line":19,"column":54}},"8":{"start":{"line":20,"column":4},"end":{"line":20,"column":41}},"9":{"start":{"line":23,"column":0},"end":{"line":25,"column":1}},"10":{"start":{"line":24,"column":4},"end":{"line":24,"column":34}},"11":{"start":{"line":27,"column":0},"end":{"line":30,"column":1}},"12":{"start":{"line":28,"column":28},"end":{"line":28,"column":104}},"13":{"start":{"line":28,"column":102},"end":{"line":28,"column":103}},"14":{"start":{"line":29,"column":4},"end":{"line":29,"column":93}},"15":{"start":{"line":32,"column":0},"end":{"line":38,"column":1}},"16":{"start":{"line":33,"column":4},"end":{"line":37,"column":5}},"17":{"start":{"line":34,"column":24},"end":{"line":34,"column":148}},"18":{"start":{"line":35,"column":8},"end":{"line":35,"column":53}},"19":{"start":{"line":36,"column":8},"end":{"line":36,"column":33}},"20":{"start":{"line":40,"column":0},"end":{"line":40,"column":25}}},"fnMap":{"0":{"name":"Pending","decl":{"start":{"line":9,"column":9},"end":{"line":9,"column":16}},"loc":{"start":{"line":9,"column":19},"end":{"line":10,"column":1}},"line":9},"1":{"name":"(anonymous_1)","decl":{"start":{"line":12,"column":29},"end":{"line":12,"column":30}},"loc":{"start":{"line":12,"column":54},"end":{"line":14,"column":1}},"line":12},"2":{"name":"(anonymous_2)","decl":{"start":{"line":16,"column":28},"end":{"line":16,"column":29}},"loc":{"start":{"line":16,"column":60},"end":{"line":21,"column":1}},"line":16},"3":{"name":"(anonymous_3)","decl":{"start":{"line":23,"column":31},"end":{"line":23,"column":32}},"loc":{"start":{"line":23,"column":47},"end":{"line":25,"column":1}},"line":23},"4":{"name":"(anonymous_4)","decl":{"start":{"line":27,"column":31},"end":{"line":27,"column":32}},"loc":{"start":{"line":27,"column":47},"end":{"line":30,"column":1}},"line":27},"5":{"name":"(anonymous_5)","decl":{"start":{"line":28,"column":97},"end":{"line":28,"column":98}},"loc":{"start":{"line":28,"column":102},"end":{"line":28,"column":103}},"line":28},"6":{"name":"(anonymous_6)","decl":{"start":{"line":32,"column":38},"end":{"line":32,"column":39}},"loc":{"start":{"line":32,"column":67},"end":{"line":38,"column":1}},"line":32}},"branchMap":{"0":{"loc":{"start":{"line":18,"column":4},"end":{"line":18,"column":65}},"type":"if","locations":[{"start":{"line":18,"column":4},"end":{"line":18,"column":65}},{"start":{"line":18,"column":4},"end":{"line":18,"column":65}}],"line":18},"1":{"loc":{"start":{"line":29,"column":11},"end":{"line":29,"column":92}},"type":"binary-expr","locations":[{"start":{"line":29,"column":11},"end":{"line":29,"column":37}},{"start":{"line":29,"column":41},"end":{"line":29,"column":92}}],"line":29},"2":{"loc":{"start":{"line":33,"column":4},"end":{"line":37,"column":5}},"type":"if","locations":[{"start":{"line":33,"column":4},"end":{"line":37,"column":5}},{"start":{"line":33,"column":4},"end":{"line":37,"column":5}}],"line":33},"3":{"loc":{"start":{"line":33,"column":8},"end":{"line":33,"column":46}},"type":"binary-expr","locations":[{"start":{"line":33,"column":8},"end":{"line":33,"column":21}},{"start":{"line":33,"column":25},"end":{"line":33,"column":46}}],"line":33}},"s":{"0":0,"1":0,"2":0,"3":0,"4":0,"5":0,"6":0,"7":0,"8":0,"9":0,"10":0,"11":0,"12":0,"13":0,"14":0,"15":0,"16":0,"17":0,"18":0,"19":0,"20":0},"f":{"0":0,"1":0,"2":0,"3":0,"4":0,"5":0,"6":0},"b":{"0":[0,0],"1":[0,0],"2":[0,0],"3":[0,0]},"all":true},"/home/wollac/dev/web/BITCORN-Hub/source/utils/time.js":{"path":"/home/wollac/dev/web/BITCORN-Hub/source/utils/time.js","statementMap":{"0":{"start":{"line":8,"column":4},"end":{"line":8,"column":39}},"1":{"start":{"line":9,"column":4},"end":{"line":9,"column":43}},"2":{"start":{"line":10,"column":4},"end":{"line":10,"column":41}},"3":{"start":{"line":11,"column":4},"end":{"line":11,"column":45}},"4":{"start":{"line":12,"column":4},"end":{"line":12,"column":45}},"5":{"start":{"line":13,"column":4},"end":{"line":13,"column":55}},"6":{"start":{"line":15,"column":4},"end":{"line":18,"column":5}},"7":{"start":{"line":16,"column":8},"end":{"line":16,"column":22}},"8":{"start":{"line":17,"column":8},"end":{"line":17,"column":24}},"9":{"start":{"line":20,"column":4},"end":{"line":26,"column":6}},"10":{"start":{"line":28,"column":4},"end":{"line":32,"column":41}},"11":{"start":{"line":34,"column":4},"end":{"line":39,"column":89}},"12":{"start":{"line":35,"column":8},"end":{"line":39,"column":88}},"13":{"start":{"line":42,"column":0},"end":{"line":42,"column":22}}},"fnMap":{"0":{"name":"Time","decl":{"start":{"line":7,"column":9},"end":{"line":7,"column":13}},"loc":{"start":{"line":7,"column":28},"end":{"line":40,"column":1}},"line":7},"1":{"name":"(anonymous_1)","decl":{"start":{"line":34,"column":20},"end":{"line":34,"column":21}},"loc":{"start":{"line":35,"column":8},"end":{"line":39,"column":88}},"line":35}},"branchMap":{"0":{"loc":{"start":{"line":15,"column":4},"end":{"line":18,"column":5}},"type":"if","locations":[{"start":{"line":15,"column":4},"end":{"line":18,"column":5}},{"start":{"line":15,"column":4},"end":{"line":18,"column":5}}],"line":15},"1":{"loc":{"start":{"line":15,"column":7},"end":{"line":15,"column":42}},"type":"binary-expr","locations":[{"start":{"line":15,"column":7},"end":{"line":15,"column":22}},{"start":{"line":15,"column":26},"end":{"line":15,"column":42}}],"line":15},"2":{"loc":{"start":{"line":21,"column":15},"end":{"line":21,"column":61}},"type":"cond-expr","locations":[{"start":{"line":21,"column":33},"end":{"line":21,"column":48}},{"start":{"line":21,"column":52},"end":{"line":21,"column":61}}],"line":21},"3":{"loc":{"start":{"line":22,"column":16},"end":{"line":22,"column":65}},"type":"cond-expr","locations":[{"start":{"line":22,"column":35},"end":{"line":22,"column":51}},{"start":{"line":22,"column":55},"end":{"line":22,"column":65}}],"line":22},"4":{"loc":{"start":{"line":23,"column":18},"end":{"line":23,"column":73}},"type":"cond-expr","locations":[{"start":{"line":23,"column":39},"end":{"line":23,"column":57}},{"start":{"line":23,"column":61},"end":{"line":23,"column":73}}],"line":23},"5":{"loc":{"start":{"line":24,"column":18},"end":{"line":24,"column":73}},"type":"cond-expr","locations":[{"start":{"line":24,"column":39},"end":{"line":24,"column":57}},{"start":{"line":24,"column":61},"end":{"line":24,"column":73}}],"line":24},"6":{"loc":{"start":{"line":25,"column":23},"end":{"line":25,"column":93}},"type":"cond-expr","locations":[{"start":{"line":25,"column":49},"end":{"line":25,"column":72}},{"start":{"line":25,"column":76},"end":{"line":25,"column":93}}],"line":25},"7":{"loc":{"start":{"line":35,"column":8},"end":{"line":39,"column":88}},"type":"cond-expr","locations":[{"start":{"line":35,"column":24},"end":{"line":35,"column":43}},{"start":{"line":35,"column":46},"end":{"line":39,"column":88}}],"line":35},"8":{"loc":{"start":{"line":35,"column":46},"end":{"line":39,"column":88}},"type":"cond-expr","locations":[{"start":{"line":36,"column":29},"end":{"line":36,"column":50}},{"start":{"line":36,"column":53},"end":{"line":39,"column":88}}],"line":35},"9":{"loc":{"start":{"line":36,"column":53},"end":{"line":39,"column":88}},"type":"cond-expr","locations":[{"start":{"line":37,"column":35},"end":{"line":37,"column":60}},{"start":{"line":37,"column":63},"end":{"line":39,"column":88}}],"line":36},"10":{"loc":{"start":{"line":37,"column":63},"end":{"line":39,"column":88}},"type":"cond-expr","locations":[{"start":{"line":38,"column":39},"end":{"line":38,"column":64}},{"start":{"line":38,"column":67},"end":{"line":39,"column":88}}],"line":37},"11":{"loc":{"start":{"line":38,"column":67},"end":{"line":39,"column":88}},"type":"cond-expr","locations":[{"start":{"line":39,"column":48},"end":{"line":39,"column":83}},{"start":{"line":39,"column":86},"end":{"line":39,"column":88}}],"line":38}},"s":{"0":0,"1":0,"2":0,"3":0,"4":0,"5":0,"6":0,"7":0,"8":0,"9":0,"10":0,"11":0,"12":0,"13":0},"f":{"0":0,"1":0},"b":{"0":[0,0],"1":[0,0],"2":[0,0],"3":[0,0],"4":[0,0],"5":[0,0],"6":[0,0],"7":[0,0],"8":[0,0],"9":[0,0],"10":[0,0],"11":[0,0]},"all":true}}